platform android-9 accepted
toolchain root:/opt/lilei/android_compile_toolchain
/opt/lilei/android_compile_toolchain/arm/bin:/usr/bin:/home/lilei/apache-ant-1.9.6/bin:/opt/android-studio/bin:/opt/lilei/Android/Sdk/ndk-bundle:/opt/lilei/Android/Sdk/platform-tools:/opt/lilei/Android/Sdk/tools:/opt/jdk1.7.0_79/bin:/opt/android-studio/bin:/opt/lilei/Android/Sdk/ndk-bundle:/opt/lilei/Android/Sdk/platform-tools:/opt/lilei/Android/Sdk/tools:/opt/jdk1.7.0_79/bin:/usr/local/sbin:/usr/local/bin:/usr/sbin:/usr/bin:/sbin:/bin:/usr/games:/usr/local/games
arm-linux-androideabi-gcc
arm-linux-androideabi-ld
arm-linux-androideabi-ar
arm-linux-androideabi-strip
./configure --prefix=/opt/lilei/AVFX/mlt-standalone/output/armeabi/build --host=arm-linux-android --with-sysroot=/opt/lilei/android_compile_toolchain/arm/sysroot --disable-decklink --disable-dv --disable-feeds --disable-jackrack --disable-kdenlive --disable-oldfilm --disable-resample --disable-sox --disable-swfdec --disable-vmfx --disable-mmx --disable-sse --disable-sse2 --disable-gtk2 --disable-plus --disable-rtaudio --disable-sox --disable-vorbis --disable-xml --disable-sdl --disable-frei0r --target-os=Android --ff-root=/opt/lilei/ijkplayer-master/android/contrib/build --ff-libname=ijkffmpeg --ff-arch=armv5 --target-arch=arm --target-os=Android --android-platform=android-9 -O3 -Wall -pipe -DANDROID -DNDEBUG --extra-cflags=-O3 -Wall -pipe      -DANDROID -DNDEBUG -DANDROID --sysroot=/opt/lilei/android_compile_toolchain/arm/sysroot -march=armv5te -mtune=arm9tdmi -msoft-float --extra-ldflags= --sysroot=/opt/lilei/android_compile_toolchain/arm/sysroot
Configuring framework:
Configuring modules:
Configuring modules/avformat:
Configuring modules/core:
Configuring modules/lumas:
Configuring modules/opengl:
- movit not found: disabling
LGPLv2.1 license used; GPL components disabled
list='src/framework src/modules profiles'; \
	for subdir in $list; do \
		make -s -C $subdir depend || exit 1; \
		make -C $subdir clean || exit 1; \
	done
make[1]: Entering directory `/opt/lilei/AVFX/mlt-standalone/output/armeabi/source/src/framework'
rm -f mlt_frame.o mlt_version.o mlt_geometry.o mlt_deque.o mlt_property.o mlt_properties.o mlt_events.o mlt_parser.o mlt_service.o mlt_producer.o mlt_multitrack.o mlt_playlist.o mlt_consumer.o mlt_filter.o mlt_transition.o mlt_field.o mlt_tractor.o mlt_factory.o mlt_repository.o mlt_pool.o mlt_tokeniser.o mlt_profile.o mlt_log.o mlt_cache.o mlt_animation.o mlt_android_env.o libmlt.so libmlt.so libmlt.so
make[1]: Leaving directory `/opt/lilei/AVFX/mlt-standalone/output/armeabi/source/src/framework'
make[1]: Entering directory `/opt/lilei/AVFX/mlt-standalone/output/armeabi/source/src/modules'
list='xml lumas vid.stab xine motion_est normalize sdl linsys rtaudio gtk2 plus kdenlive dv decklink core vmfx swfdec resample opengl sox qt jackrack vorbis plusgpl avformat videostab frei0r feeds oldfilm kino'; \
	for subdir in $list; do \
		if [ -f $subdir/Makefile -a ! -f disable-$subdir -a ! -f $subdir/deprecated ] ; \
		then make -C $subdir clean || exit 1; \
		fi \
	done
make[2]: Entering directory `/opt/lilei/AVFX/mlt-standalone/output/armeabi/source/src/modules/lumas'
rm -f luma 
make[2]: Leaving directory `/opt/lilei/AVFX/mlt-standalone/output/armeabi/source/src/modules/lumas'
make[2]: Entering directory `/opt/lilei/AVFX/mlt-standalone/output/armeabi/source/src/modules/core'
rm -f factory.o producer_colour.o producer_consumer.o producer_hold.o producer_loader.o producer_melt.o producer_noise.o producer_timewarp.o producer_tone.o filter_audiochannels.o filter_audiomap.o filter_audioconvert.o filter_audiowave.o filter_brightness.o filter_channelcopy.o filter_crop.o filter_data_feed.o filter_data_show.o filter_fieldorder.o filter_gamma.o filter_greyscale.o filter_imageconvert.o filter_luma.o filter_mirror.o filter_mono.o filter_obscure.o filter_panner.o filter_region.o filter_rescale.o filter_resize.o filter_transition.o filter_watermark.o transition_composite.o transition_luma.o transition_mix.o transition_region.o transition_matte.o consumer_multi.o consumer_null.o  ../libmltcore.so
make[2]: Leaving directory `/opt/lilei/AVFX/mlt-standalone/output/armeabi/source/src/modules/core'
make[2]: Entering directory `/opt/lilei/AVFX/mlt-standalone/output/armeabi/source/src/modules/avformat'
rm -f factory.o filter_avcolour_space.o filter_avresample.o filter_avdeinterlace.o filter_swscale.o producer_avformat.o consumer_avformat.o ../libmltffmpeg.so ../libmltavformat.so
make[2]: Leaving directory `/opt/lilei/AVFX/mlt-standalone/output/armeabi/source/src/modules/avformat'
make[1]: Leaving directory `/opt/lilei/AVFX/mlt-standalone/output/armeabi/source/src/modules'
make[1]: Entering directory `/opt/lilei/AVFX/mlt-standalone/output/armeabi/source/profiles'
make[1]: Nothing to be done for `clean'.
make[1]: Leaving directory `/opt/lilei/AVFX/mlt-standalone/output/armeabi/source/profiles'
rm -f "/opt/lilei/AVFX/mlt-standalone/output/armeabi/build/bin"/mlt-config
rm -f "/opt/lilei/AVFX/mlt-standalone/output/armeabi/build/lib"/pkgconfig/mlt-framework.pc
rm -f "/opt/lilei/AVFX/mlt-standalone/output/armeabi/build/lib"/pkgconfig/mlt++.pc
list='src/framework src/modules profiles'; \
	for subdir in $list; do \
		make DESTDIR= -C $subdir uninstall || exit 1; \
	done
make[1]: Entering directory `/opt/lilei/AVFX/mlt-standalone/output/armeabi/source/src/framework'
rm -f "/opt/lilei/AVFX/mlt-standalone/output/armeabi/build/lib/libmlt.so"
if [ "Android" != "MinGW" ]; then \
		rm -f "/opt/lilei/AVFX/mlt-standalone/output/armeabi/build/lib/libmlt.so" ; \
		rm -f "/opt/lilei/AVFX/mlt-standalone/output/armeabi/build/lib/libmlt.so" ; \
	fi
rm -rf "/opt/lilei/AVFX/mlt-standalone/output/armeabi/build/include/mlt/framework"
rm -f "/opt/lilei/AVFX/mlt-standalone/output/armeabi/build/share/mlt/metaschema.yaml"
make[1]: Leaving directory `/opt/lilei/AVFX/mlt-standalone/output/armeabi/source/src/framework'
make[1]: Entering directory `/opt/lilei/AVFX/mlt-standalone/output/armeabi/source/src/modules'
rm -rf "/opt/lilei/AVFX/mlt-standalone/output/armeabi/build/lib/mlt"
make[1]: Leaving directory `/opt/lilei/AVFX/mlt-standalone/output/armeabi/source/src/modules'
make[1]: Entering directory `/opt/lilei/AVFX/mlt-standalone/output/armeabi/source/profiles'
rm -rf "/opt/lilei/AVFX/mlt-standalone/output/armeabi/build/share/mlt/profiles"
make[1]: Leaving directory `/opt/lilei/AVFX/mlt-standalone/output/armeabi/source/profiles'
rm -rf "/opt/lilei/AVFX/mlt-standalone/output/armeabi/build/include/mlt"
rm -rf "/opt/lilei/AVFX/mlt-standalone/output/armeabi/build/share/mlt"
list='src/framework src/modules profiles'; \
	for subdir in $list; do \
		make -s -C $subdir depend || exit 1; \
		make -C $subdir all || exit 1; \
	done
make[1]: Entering directory `/opt/lilei/AVFX/mlt-standalone/output/armeabi/source/src/framework'
arm-linux-androideabi-gcc -Wall -DPIC   -O2 -pipe -fno-tree-dominator-opts -fno-tree-pre -ffast-math    -g -D_FILE_OFFSET_BITS=64 -D_LARGEFILE_SOURCE -fPIC -pthread -O3 -Wall -pipe      -DANDROID -DNDEBUG -DANDROID --sysroot=/opt/lilei/android_compile_toolchain/arm/sysroot -march=armv5te -mtune=arm9tdmi -msoft-float -DANDROID -rdynamic -DPREFIX_DATA="\"/opt/lilei/AVFX/mlt-standalone/output/armeabi/build/share/mlt\"" -DPREFIX_LIB="\"/opt/lilei/AVFX/mlt-standalone/output/armeabi/build/lib/mlt\""   -c -o mlt_frame.o mlt_frame.c
arm-linux-androideabi-gcc -Wall -DPIC   -O2 -pipe -fno-tree-dominator-opts -fno-tree-pre -ffast-math    -g -D_FILE_OFFSET_BITS=64 -D_LARGEFILE_SOURCE -fPIC -pthread -O3 -Wall -pipe      -DANDROID -DNDEBUG -DANDROID --sysroot=/opt/lilei/android_compile_toolchain/arm/sysroot -march=armv5te -mtune=arm9tdmi -msoft-float -DANDROID -rdynamic -DPREFIX_DATA="\"/opt/lilei/AVFX/mlt-standalone/output/armeabi/build/share/mlt\"" -DPREFIX_LIB="\"/opt/lilei/AVFX/mlt-standalone/output/armeabi/build/lib/mlt\""   -c -o mlt_version.o mlt_version.c
arm-linux-androideabi-gcc -Wall -DPIC   -O2 -pipe -fno-tree-dominator-opts -fno-tree-pre -ffast-math    -g -D_FILE_OFFSET_BITS=64 -D_LARGEFILE_SOURCE -fPIC -pthread -O3 -Wall -pipe      -DANDROID -DNDEBUG -DANDROID --sysroot=/opt/lilei/android_compile_toolchain/arm/sysroot -march=armv5te -mtune=arm9tdmi -msoft-float -DANDROID -rdynamic -DPREFIX_DATA="\"/opt/lilei/AVFX/mlt-standalone/output/armeabi/build/share/mlt\"" -DPREFIX_LIB="\"/opt/lilei/AVFX/mlt-standalone/output/armeabi/build/lib/mlt\""   -c -o mlt_geometry.o mlt_geometry.c
arm-linux-androideabi-gcc -Wall -DPIC   -O2 -pipe -fno-tree-dominator-opts -fno-tree-pre -ffast-math    -g -D_FILE_OFFSET_BITS=64 -D_LARGEFILE_SOURCE -fPIC -pthread -O3 -Wall -pipe      -DANDROID -DNDEBUG -DANDROID --sysroot=/opt/lilei/android_compile_toolchain/arm/sysroot -march=armv5te -mtune=arm9tdmi -msoft-float -DANDROID -rdynamic -DPREFIX_DATA="\"/opt/lilei/AVFX/mlt-standalone/output/armeabi/build/share/mlt\"" -DPREFIX_LIB="\"/opt/lilei/AVFX/mlt-standalone/output/armeabi/build/lib/mlt\""   -c -o mlt_deque.o mlt_deque.c
arm-linux-androideabi-gcc -Wall -DPIC   -O2 -pipe -fno-tree-dominator-opts -fno-tree-pre -ffast-math    -g -D_FILE_OFFSET_BITS=64 -D_LARGEFILE_SOURCE -fPIC -pthread -O3 -Wall -pipe      -DANDROID -DNDEBUG -DANDROID --sysroot=/opt/lilei/android_compile_toolchain/arm/sysroot -march=armv5te -mtune=arm9tdmi -msoft-float -DANDROID -rdynamic -DPREFIX_DATA="\"/opt/lilei/AVFX/mlt-standalone/output/armeabi/build/share/mlt\"" -DPREFIX_LIB="\"/opt/lilei/AVFX/mlt-standalone/output/armeabi/build/lib/mlt\""   -c -o mlt_property.o mlt_property.c
mlt_property.c: In function 'is_property_numeric':
mlt_property.c:1027:10: warning: variable 'temp' set but not used [-Wunused-but-set-variable]
   double temp;
          ^
arm-linux-androideabi-gcc -Wall -DPIC   -O2 -pipe -fno-tree-dominator-opts -fno-tree-pre -ffast-math    -g -D_FILE_OFFSET_BITS=64 -D_LARGEFILE_SOURCE -fPIC -pthread -O3 -Wall -pipe      -DANDROID -DNDEBUG -DANDROID --sysroot=/opt/lilei/android_compile_toolchain/arm/sysroot -march=armv5te -mtune=arm9tdmi -msoft-float -DANDROID -rdynamic -DPREFIX_DATA="\"/opt/lilei/AVFX/mlt-standalone/output/armeabi/build/share/mlt\"" -DPREFIX_LIB="\"/opt/lilei/AVFX/mlt-standalone/output/armeabi/build/lib/mlt\""   -c -o mlt_properties.o mlt_properties.c
arm-linux-androideabi-gcc -Wall -DPIC   -O2 -pipe -fno-tree-dominator-opts -fno-tree-pre -ffast-math    -g -D_FILE_OFFSET_BITS=64 -D_LARGEFILE_SOURCE -fPIC -pthread -O3 -Wall -pipe      -DANDROID -DNDEBUG -DANDROID --sysroot=/opt/lilei/android_compile_toolchain/arm/sysroot -march=armv5te -mtune=arm9tdmi -msoft-float -DANDROID -rdynamic -DPREFIX_DATA="\"/opt/lilei/AVFX/mlt-standalone/output/armeabi/build/share/mlt\"" -DPREFIX_LIB="\"/opt/lilei/AVFX/mlt-standalone/output/armeabi/build/lib/mlt\""   -c -o mlt_events.o mlt_events.c
arm-linux-androideabi-gcc -Wall -DPIC   -O2 -pipe -fno-tree-dominator-opts -fno-tree-pre -ffast-math    -g -D_FILE_OFFSET_BITS=64 -D_LARGEFILE_SOURCE -fPIC -pthread -O3 -Wall -pipe      -DANDROID -DNDEBUG -DANDROID --sysroot=/opt/lilei/android_compile_toolchain/arm/sysroot -march=armv5te -mtune=arm9tdmi -msoft-float -DANDROID -rdynamic -DPREFIX_DATA="\"/opt/lilei/AVFX/mlt-standalone/output/armeabi/build/share/mlt\"" -DPREFIX_LIB="\"/opt/lilei/AVFX/mlt-standalone/output/armeabi/build/lib/mlt\""   -c -o mlt_parser.o mlt_parser.c
arm-linux-androideabi-gcc -Wall -DPIC   -O2 -pipe -fno-tree-dominator-opts -fno-tree-pre -ffast-math    -g -D_FILE_OFFSET_BITS=64 -D_LARGEFILE_SOURCE -fPIC -pthread -O3 -Wall -pipe      -DANDROID -DNDEBUG -DANDROID --sysroot=/opt/lilei/android_compile_toolchain/arm/sysroot -march=armv5te -mtune=arm9tdmi -msoft-float -DANDROID -rdynamic -DPREFIX_DATA="\"/opt/lilei/AVFX/mlt-standalone/output/armeabi/build/share/mlt\"" -DPREFIX_LIB="\"/opt/lilei/AVFX/mlt-standalone/output/armeabi/build/lib/mlt\""   -c -o mlt_service.o mlt_service.c
arm-linux-androideabi-gcc -Wall -DPIC   -O2 -pipe -fno-tree-dominator-opts -fno-tree-pre -ffast-math    -g -D_FILE_OFFSET_BITS=64 -D_LARGEFILE_SOURCE -fPIC -pthread -O3 -Wall -pipe      -DANDROID -DNDEBUG -DANDROID --sysroot=/opt/lilei/android_compile_toolchain/arm/sysroot -march=armv5te -mtune=arm9tdmi -msoft-float -DANDROID -rdynamic -DPREFIX_DATA="\"/opt/lilei/AVFX/mlt-standalone/output/armeabi/build/share/mlt\"" -DPREFIX_LIB="\"/opt/lilei/AVFX/mlt-standalone/output/armeabi/build/lib/mlt\""   -c -o mlt_producer.o mlt_producer.c
arm-linux-androideabi-gcc -Wall -DPIC   -O2 -pipe -fno-tree-dominator-opts -fno-tree-pre -ffast-math    -g -D_FILE_OFFSET_BITS=64 -D_LARGEFILE_SOURCE -fPIC -pthread -O3 -Wall -pipe      -DANDROID -DNDEBUG -DANDROID --sysroot=/opt/lilei/android_compile_toolchain/arm/sysroot -march=armv5te -mtune=arm9tdmi -msoft-float -DANDROID -rdynamic -DPREFIX_DATA="\"/opt/lilei/AVFX/mlt-standalone/output/armeabi/build/share/mlt\"" -DPREFIX_LIB="\"/opt/lilei/AVFX/mlt-standalone/output/armeabi/build/lib/mlt\""   -c -o mlt_multitrack.o mlt_multitrack.c
arm-linux-androideabi-gcc -Wall -DPIC   -O2 -pipe -fno-tree-dominator-opts -fno-tree-pre -ffast-math    -g -D_FILE_OFFSET_BITS=64 -D_LARGEFILE_SOURCE -fPIC -pthread -O3 -Wall -pipe      -DANDROID -DNDEBUG -DANDROID --sysroot=/opt/lilei/android_compile_toolchain/arm/sysroot -march=armv5te -mtune=arm9tdmi -msoft-float -DANDROID -rdynamic -DPREFIX_DATA="\"/opt/lilei/AVFX/mlt-standalone/output/armeabi/build/share/mlt\"" -DPREFIX_LIB="\"/opt/lilei/AVFX/mlt-standalone/output/armeabi/build/lib/mlt\""   -c -o mlt_playlist.o mlt_playlist.c
arm-linux-androideabi-gcc -Wall -DPIC   -O2 -pipe -fno-tree-dominator-opts -fno-tree-pre -ffast-math    -g -D_FILE_OFFSET_BITS=64 -D_LARGEFILE_SOURCE -fPIC -pthread -O3 -Wall -pipe      -DANDROID -DNDEBUG -DANDROID --sysroot=/opt/lilei/android_compile_toolchain/arm/sysroot -march=armv5te -mtune=arm9tdmi -msoft-float -DANDROID -rdynamic -DPREFIX_DATA="\"/opt/lilei/AVFX/mlt-standalone/output/armeabi/build/share/mlt\"" -DPREFIX_LIB="\"/opt/lilei/AVFX/mlt-standalone/output/armeabi/build/lib/mlt\""   -c -o mlt_consumer.o mlt_consumer.c
arm-linux-androideabi-gcc -Wall -DPIC   -O2 -pipe -fno-tree-dominator-opts -fno-tree-pre -ffast-math    -g -D_FILE_OFFSET_BITS=64 -D_LARGEFILE_SOURCE -fPIC -pthread -O3 -Wall -pipe      -DANDROID -DNDEBUG -DANDROID --sysroot=/opt/lilei/android_compile_toolchain/arm/sysroot -march=armv5te -mtune=arm9tdmi -msoft-float -DANDROID -rdynamic -DPREFIX_DATA="\"/opt/lilei/AVFX/mlt-standalone/output/armeabi/build/share/mlt\"" -DPREFIX_LIB="\"/opt/lilei/AVFX/mlt-standalone/output/armeabi/build/lib/mlt\""   -c -o mlt_filter.o mlt_filter.c
arm-linux-androideabi-gcc -Wall -DPIC   -O2 -pipe -fno-tree-dominator-opts -fno-tree-pre -ffast-math    -g -D_FILE_OFFSET_BITS=64 -D_LARGEFILE_SOURCE -fPIC -pthread -O3 -Wall -pipe      -DANDROID -DNDEBUG -DANDROID --sysroot=/opt/lilei/android_compile_toolchain/arm/sysroot -march=armv5te -mtune=arm9tdmi -msoft-float -DANDROID -rdynamic -DPREFIX_DATA="\"/opt/lilei/AVFX/mlt-standalone/output/armeabi/build/share/mlt\"" -DPREFIX_LIB="\"/opt/lilei/AVFX/mlt-standalone/output/armeabi/build/lib/mlt\""   -c -o mlt_transition.o mlt_transition.c
arm-linux-androideabi-gcc -Wall -DPIC   -O2 -pipe -fno-tree-dominator-opts -fno-tree-pre -ffast-math    -g -D_FILE_OFFSET_BITS=64 -D_LARGEFILE_SOURCE -fPIC -pthread -O3 -Wall -pipe      -DANDROID -DNDEBUG -DANDROID --sysroot=/opt/lilei/android_compile_toolchain/arm/sysroot -march=armv5te -mtune=arm9tdmi -msoft-float -DANDROID -rdynamic -DPREFIX_DATA="\"/opt/lilei/AVFX/mlt-standalone/output/armeabi/build/share/mlt\"" -DPREFIX_LIB="\"/opt/lilei/AVFX/mlt-standalone/output/armeabi/build/lib/mlt\""   -c -o mlt_field.o mlt_field.c
arm-linux-androideabi-gcc -Wall -DPIC   -O2 -pipe -fno-tree-dominator-opts -fno-tree-pre -ffast-math    -g -D_FILE_OFFSET_BITS=64 -D_LARGEFILE_SOURCE -fPIC -pthread -O3 -Wall -pipe      -DANDROID -DNDEBUG -DANDROID --sysroot=/opt/lilei/android_compile_toolchain/arm/sysroot -march=armv5te -mtune=arm9tdmi -msoft-float -DANDROID -rdynamic -DPREFIX_DATA="\"/opt/lilei/AVFX/mlt-standalone/output/armeabi/build/share/mlt\"" -DPREFIX_LIB="\"/opt/lilei/AVFX/mlt-standalone/output/armeabi/build/lib/mlt\""   -c -o mlt_tractor.o mlt_tractor.c
arm-linux-androideabi-gcc -Wall -DPIC   -O2 -pipe -fno-tree-dominator-opts -fno-tree-pre -ffast-math    -g -D_FILE_OFFSET_BITS=64 -D_LARGEFILE_SOURCE -fPIC -pthread -O3 -Wall -pipe      -DANDROID -DNDEBUG -DANDROID --sysroot=/opt/lilei/android_compile_toolchain/arm/sysroot -march=armv5te -mtune=arm9tdmi -msoft-float -DANDROID -rdynamic -DPREFIX_DATA="\"/opt/lilei/AVFX/mlt-standalone/output/armeabi/build/share/mlt\"" -DPREFIX_LIB="\"/opt/lilei/AVFX/mlt-standalone/output/armeabi/build/lib/mlt\""   -c -o mlt_factory.o mlt_factory.c
arm-linux-androideabi-gcc -Wall -DPIC   -O2 -pipe -fno-tree-dominator-opts -fno-tree-pre -ffast-math    -g -D_FILE_OFFSET_BITS=64 -D_LARGEFILE_SOURCE -fPIC -pthread -O3 -Wall -pipe      -DANDROID -DNDEBUG -DANDROID --sysroot=/opt/lilei/android_compile_toolchain/arm/sysroot -march=armv5te -mtune=arm9tdmi -msoft-float -DANDROID -rdynamic -DPREFIX_DATA="\"/opt/lilei/AVFX/mlt-standalone/output/armeabi/build/share/mlt\"" -DPREFIX_LIB="\"/opt/lilei/AVFX/mlt-standalone/output/armeabi/build/lib/mlt\""   -c -o mlt_repository.o mlt_repository.c
mlt_repository.c: In function 'mlt_repository_init2':
mlt_repository.c:106:8: warning: unused variable 'try_name' [-Wunused-variable]
   char try_name[1024];
        ^
arm-linux-androideabi-gcc -Wall -DPIC   -O2 -pipe -fno-tree-dominator-opts -fno-tree-pre -ffast-math    -g -D_FILE_OFFSET_BITS=64 -D_LARGEFILE_SOURCE -fPIC -pthread -O3 -Wall -pipe      -DANDROID -DNDEBUG -DANDROID --sysroot=/opt/lilei/android_compile_toolchain/arm/sysroot -march=armv5te -mtune=arm9tdmi -msoft-float -DANDROID -rdynamic -DPREFIX_DATA="\"/opt/lilei/AVFX/mlt-standalone/output/armeabi/build/share/mlt\"" -DPREFIX_LIB="\"/opt/lilei/AVFX/mlt-standalone/output/armeabi/build/lib/mlt\""   -c -o mlt_pool.o mlt_pool.c
arm-linux-androideabi-gcc -Wall -DPIC   -O2 -pipe -fno-tree-dominator-opts -fno-tree-pre -ffast-math    -g -D_FILE_OFFSET_BITS=64 -D_LARGEFILE_SOURCE -fPIC -pthread -O3 -Wall -pipe      -DANDROID -DNDEBUG -DANDROID --sysroot=/opt/lilei/android_compile_toolchain/arm/sysroot -march=armv5te -mtune=arm9tdmi -msoft-float -DANDROID -rdynamic -DPREFIX_DATA="\"/opt/lilei/AVFX/mlt-standalone/output/armeabi/build/share/mlt\"" -DPREFIX_LIB="\"/opt/lilei/AVFX/mlt-standalone/output/armeabi/build/lib/mlt\""   -c -o mlt_tokeniser.o mlt_tokeniser.c
arm-linux-androideabi-gcc -Wall -DPIC   -O2 -pipe -fno-tree-dominator-opts -fno-tree-pre -ffast-math    -g -D_FILE_OFFSET_BITS=64 -D_LARGEFILE_SOURCE -fPIC -pthread -O3 -Wall -pipe      -DANDROID -DNDEBUG -DANDROID --sysroot=/opt/lilei/android_compile_toolchain/arm/sysroot -march=armv5te -mtune=arm9tdmi -msoft-float -DANDROID -rdynamic -DPREFIX_DATA="\"/opt/lilei/AVFX/mlt-standalone/output/armeabi/build/share/mlt\"" -DPREFIX_LIB="\"/opt/lilei/AVFX/mlt-standalone/output/armeabi/build/lib/mlt\""   -c -o mlt_profile.o mlt_profile.c
arm-linux-androideabi-gcc -Wall -DPIC   -O2 -pipe -fno-tree-dominator-opts -fno-tree-pre -ffast-math    -g -D_FILE_OFFSET_BITS=64 -D_LARGEFILE_SOURCE -fPIC -pthread -O3 -Wall -pipe      -DANDROID -DNDEBUG -DANDROID --sysroot=/opt/lilei/android_compile_toolchain/arm/sysroot -march=armv5te -mtune=arm9tdmi -msoft-float -DANDROID -rdynamic -DPREFIX_DATA="\"/opt/lilei/AVFX/mlt-standalone/output/armeabi/build/share/mlt\"" -DPREFIX_LIB="\"/opt/lilei/AVFX/mlt-standalone/output/armeabi/build/lib/mlt\""   -c -o mlt_log.o mlt_log.c
arm-linux-androideabi-gcc -Wall -DPIC   -O2 -pipe -fno-tree-dominator-opts -fno-tree-pre -ffast-math    -g -D_FILE_OFFSET_BITS=64 -D_LARGEFILE_SOURCE -fPIC -pthread -O3 -Wall -pipe      -DANDROID -DNDEBUG -DANDROID --sysroot=/opt/lilei/android_compile_toolchain/arm/sysroot -march=armv5te -mtune=arm9tdmi -msoft-float -DANDROID -rdynamic -DPREFIX_DATA="\"/opt/lilei/AVFX/mlt-standalone/output/armeabi/build/share/mlt\"" -DPREFIX_LIB="\"/opt/lilei/AVFX/mlt-standalone/output/armeabi/build/lib/mlt\""   -c -o mlt_cache.o mlt_cache.c
arm-linux-androideabi-gcc -Wall -DPIC   -O2 -pipe -fno-tree-dominator-opts -fno-tree-pre -ffast-math    -g -D_FILE_OFFSET_BITS=64 -D_LARGEFILE_SOURCE -fPIC -pthread -O3 -Wall -pipe      -DANDROID -DNDEBUG -DANDROID --sysroot=/opt/lilei/android_compile_toolchain/arm/sysroot -march=armv5te -mtune=arm9tdmi -msoft-float -DANDROID -rdynamic -DPREFIX_DATA="\"/opt/lilei/AVFX/mlt-standalone/output/armeabi/build/share/mlt\"" -DPREFIX_LIB="\"/opt/lilei/AVFX/mlt-standalone/output/armeabi/build/lib/mlt\""   -c -o mlt_animation.o mlt_animation.c
arm-linux-androideabi-gcc -Wall -DPIC   -O2 -pipe -fno-tree-dominator-opts -fno-tree-pre -ffast-math    -g -D_FILE_OFFSET_BITS=64 -D_LARGEFILE_SOURCE -fPIC -pthread -O3 -Wall -pipe      -DANDROID -DNDEBUG -DANDROID --sysroot=/opt/lilei/android_compile_toolchain/arm/sysroot -march=armv5te -mtune=arm9tdmi -msoft-float -DANDROID -rdynamic -DPREFIX_DATA="\"/opt/lilei/AVFX/mlt-standalone/output/armeabi/build/share/mlt\"" -DPREFIX_LIB="\"/opt/lilei/AVFX/mlt-standalone/output/armeabi/build/lib/mlt\""   -c -o mlt_android_env.o mlt_android_env.c
arm-linux-androideabi-gcc -shared -Wl,-soname,libmlt.so -Wl,--version-script=mlt.vers -o libmlt.so mlt_frame.o mlt_version.o mlt_geometry.o mlt_deque.o mlt_property.o mlt_properties.o mlt_events.o mlt_parser.o mlt_service.o mlt_producer.o mlt_multitrack.o mlt_playlist.o mlt_consumer.o mlt_filter.o mlt_transition.o mlt_field.o mlt_tractor.o mlt_factory.o mlt_repository.o mlt_pool.o mlt_tokeniser.o mlt_profile.o mlt_log.o mlt_cache.o mlt_animation.o mlt_android_env.o -Wl,--no-undefined -Wl,--as-needed  --sysroot=/opt/lilei/android_compile_toolchain/arm/sysroot  -landroid -lm
make[1]: Leaving directory `/opt/lilei/AVFX/mlt-standalone/output/armeabi/source/src/framework'
make[1]: Entering directory `/opt/lilei/AVFX/mlt-standalone/output/armeabi/source/src/modules'
list='xml lumas vid.stab xine motion_est normalize sdl linsys rtaudio gtk2 plus kdenlive dv decklink core vmfx swfdec resample opengl sox qt jackrack vorbis plusgpl avformat videostab frei0r feeds oldfilm kino'; \
	for subdir in $list; do \
		if [ -f $subdir/Makefile -a ! -f disable-$subdir -a ! -f $subdir/deprecated ] ; \
		then make -C $subdir all || exit 1; \
		fi \
	done
make[2]: Entering directory `/opt/lilei/AVFX/mlt-standalone/output/armeabi/source/src/modules/lumas'
arm-linux-androideabi-gcc -Wall -DPIC   -O2 -pipe -fno-tree-dominator-opts -fno-tree-pre -ffast-math    -g -D_FILE_OFFSET_BITS=64 -D_LARGEFILE_SOURCE -fPIC -pthread -O3 -Wall -pipe      -DANDROID -DNDEBUG -DANDROID --sysroot=/opt/lilei/android_compile_toolchain/arm/sysroot -march=armv5te -mtune=arm9tdmi -msoft-float    luma.c   -o luma
./luma: 1: ./luma: Syntax error: word unexpected (expecting ")")
./luma: 1: ./luma: Syntax error: word unexpected (expecting ")")
./luma: 1: ./luma: Syntax error: word unexpected (expecting ")")
./luma: 1: ./luma: Syntax error: word unexpected (expecting ")")
./luma: 1: ./luma: Syntax error: word unexpected (expecting ")")
./luma: 1: ./luma: Syntax error: word unexpected (expecting ")")
./luma: 1: ./luma: Syntax error: word unexpected (expecting ")")
./luma: 1: ./luma: Syntax error: word unexpected (expecting ")")
./luma: 1: ./luma: Syntax error: word unexpected (expecting ")")
./luma: 1: ./luma: Syntax error: word unexpected (expecting ")")
./luma: 1: ./luma: Syntax error: word unexpected (expecting ")")
./luma: 1: ./luma: Syntax error: word unexpected (expecting ")")
./luma: 1: ./luma: Syntax error: word unexpected (expecting ")")
./luma: 1: ./luma: Syntax error: word unexpected (expecting ")")
./luma: 1: ./luma: Syntax error: word unexpected (expecting ")")
./luma: 1: ./luma: Syntax error: word unexpected (expecting ")")
./luma: 1: ./luma: Syntax error: word unexpected (expecting ")")
./luma: 1: ./luma: Syntax error: word unexpected (expecting ")")
./luma: 1: ./luma: Syntax error: word unexpected (expecting ")")
./luma: 1: ./luma: Syntax error: word unexpected (expecting ")")
./luma: 1: ./luma: Syntax error: word unexpected (expecting ")")
./luma: 1: ./luma: Syntax error: word unexpected (expecting ")")
./luma: 1: ./luma: Syntax error: word unexpected (expecting ")")
./luma: 1: ./luma: Syntax error: word unexpected (expecting ")")
./luma: 1: ./luma: Syntax error: word unexpected (expecting ")")
./luma: 1: ./luma: Syntax error: word unexpected (expecting ")")
./luma: 1: ./luma: Syntax error: word unexpected (expecting ")")
./luma: 1: ./luma: Syntax error: word unexpected (expecting ")")
./luma: 1: ./luma: Syntax error: word unexpected (expecting ")")
./luma: 1: ./luma: Syntax error: word unexpected (expecting ")")
./luma: 1: ./luma: Syntax error: word unexpected (expecting ")")
./luma: 1: ./luma: Syntax error: word unexpected (expecting ")")
./luma: 1: ./luma: Syntax error: word unexpected (expecting ")")
./luma: 1: ./luma: Syntax error: word unexpected (expecting ")")
./luma: 1: ./luma: Syntax error: word unexpected (expecting ")")
./luma: 1: ./luma: Syntax error: word unexpected (expecting ")")
./luma: 1: ./luma: Syntax error: word unexpected (expecting ")")
./luma: 1: ./luma: Syntax error: word unexpected (expecting ")")
./luma: 1: ./luma: Syntax error: word unexpected (expecting ")")
./luma: 1: ./luma: Syntax error: word unexpected (expecting ")")
./luma: 1: ./luma: Syntax error: word unexpected (expecting ")")
./luma: 1: ./luma: Syntax error: word unexpected (expecting ")")
./luma: 1: ./luma: Syntax error: word unexpected (expecting ")")
./luma: 1: ./luma: Syntax error: word unexpected (expecting ")")
make[2]: Leaving directory `/opt/lilei/AVFX/mlt-standalone/output/armeabi/source/src/modules/lumas'
make[2]: Entering directory `/opt/lilei/AVFX/mlt-standalone/output/armeabi/source/src/modules/core'
arm-linux-androideabi-gcc -I../.. -Wall -DPIC   -O2 -pipe -fno-tree-dominator-opts -fno-tree-pre -ffast-math    -g -D_FILE_OFFSET_BITS=64 -D_LARGEFILE_SOURCE -fPIC -pthread -O3 -Wall -pipe      -DANDROID -DNDEBUG -DANDROID --sysroot=/opt/lilei/android_compile_toolchain/arm/sysroot -march=armv5te -mtune=arm9tdmi -msoft-float   -c -o factory.o factory.c
arm-linux-androideabi-gcc -I../.. -Wall -DPIC   -O2 -pipe -fno-tree-dominator-opts -fno-tree-pre -ffast-math    -g -D_FILE_OFFSET_BITS=64 -D_LARGEFILE_SOURCE -fPIC -pthread -O3 -Wall -pipe      -DANDROID -DNDEBUG -DANDROID --sysroot=/opt/lilei/android_compile_toolchain/arm/sysroot -march=armv5te -mtune=arm9tdmi -msoft-float   -c -o producer_colour.o producer_colour.c
arm-linux-androideabi-gcc -I../.. -Wall -DPIC   -O2 -pipe -fno-tree-dominator-opts -fno-tree-pre -ffast-math    -g -D_FILE_OFFSET_BITS=64 -D_LARGEFILE_SOURCE -fPIC -pthread -O3 -Wall -pipe      -DANDROID -DNDEBUG -DANDROID --sysroot=/opt/lilei/android_compile_toolchain/arm/sysroot -march=armv5te -mtune=arm9tdmi -msoft-float   -c -o producer_consumer.o producer_consumer.c
arm-linux-androideabi-gcc -I../.. -Wall -DPIC   -O2 -pipe -fno-tree-dominator-opts -fno-tree-pre -ffast-math    -g -D_FILE_OFFSET_BITS=64 -D_LARGEFILE_SOURCE -fPIC -pthread -O3 -Wall -pipe      -DANDROID -DNDEBUG -DANDROID --sysroot=/opt/lilei/android_compile_toolchain/arm/sysroot -march=armv5te -mtune=arm9tdmi -msoft-float   -c -o producer_hold.o producer_hold.c
arm-linux-androideabi-gcc -I../.. -Wall -DPIC   -O2 -pipe -fno-tree-dominator-opts -fno-tree-pre -ffast-math    -g -D_FILE_OFFSET_BITS=64 -D_LARGEFILE_SOURCE -fPIC -pthread -O3 -Wall -pipe      -DANDROID -DNDEBUG -DANDROID --sysroot=/opt/lilei/android_compile_toolchain/arm/sysroot -march=armv5te -mtune=arm9tdmi -msoft-float   -c -o producer_loader.o producer_loader.c
arm-linux-androideabi-gcc -I../.. -Wall -DPIC   -O2 -pipe -fno-tree-dominator-opts -fno-tree-pre -ffast-math    -g -D_FILE_OFFSET_BITS=64 -D_LARGEFILE_SOURCE -fPIC -pthread -O3 -Wall -pipe      -DANDROID -DNDEBUG -DANDROID --sysroot=/opt/lilei/android_compile_toolchain/arm/sysroot -march=armv5te -mtune=arm9tdmi -msoft-float   -c -o producer_melt.o producer_melt.c
arm-linux-androideabi-gcc -I../.. -Wall -DPIC   -O2 -pipe -fno-tree-dominator-opts -fno-tree-pre -ffast-math    -g -D_FILE_OFFSET_BITS=64 -D_LARGEFILE_SOURCE -fPIC -pthread -O3 -Wall -pipe      -DANDROID -DNDEBUG -DANDROID --sysroot=/opt/lilei/android_compile_toolchain/arm/sysroot -march=armv5te -mtune=arm9tdmi -msoft-float   -c -o producer_noise.o producer_noise.c
arm-linux-androideabi-gcc -I../.. -Wall -DPIC   -O2 -pipe -fno-tree-dominator-opts -fno-tree-pre -ffast-math    -g -D_FILE_OFFSET_BITS=64 -D_LARGEFILE_SOURCE -fPIC -pthread -O3 -Wall -pipe      -DANDROID -DNDEBUG -DANDROID --sysroot=/opt/lilei/android_compile_toolchain/arm/sysroot -march=armv5te -mtune=arm9tdmi -msoft-float   -c -o producer_timewarp.o producer_timewarp.c
producer_timewarp.c: In function 'producer_get_audio':
producer_timewarp.c:81:17: warning: unused variable 'producer_properties' [-Wunused-variable]
  mlt_properties producer_properties = MLT_PRODUCER_PROPERTIES( producer );
                 ^
arm-linux-androideabi-gcc -I../.. -Wall -DPIC   -O2 -pipe -fno-tree-dominator-opts -fno-tree-pre -ffast-math    -g -D_FILE_OFFSET_BITS=64 -D_LARGEFILE_SOURCE -fPIC -pthread -O3 -Wall -pipe      -DANDROID -DNDEBUG -DANDROID --sysroot=/opt/lilei/android_compile_toolchain/arm/sysroot -march=armv5te -mtune=arm9tdmi -msoft-float   -c -o producer_tone.o producer_tone.c
arm-linux-androideabi-gcc -I../.. -Wall -DPIC   -O2 -pipe -fno-tree-dominator-opts -fno-tree-pre -ffast-math    -g -D_FILE_OFFSET_BITS=64 -D_LARGEFILE_SOURCE -fPIC -pthread -O3 -Wall -pipe      -DANDROID -DNDEBUG -DANDROID --sysroot=/opt/lilei/android_compile_toolchain/arm/sysroot -march=armv5te -mtune=arm9tdmi -msoft-float   -c -o filter_audiochannels.o filter_audiochannels.c
arm-linux-androideabi-gcc -I../.. -Wall -DPIC   -O2 -pipe -fno-tree-dominator-opts -fno-tree-pre -ffast-math    -g -D_FILE_OFFSET_BITS=64 -D_LARGEFILE_SOURCE -fPIC -pthread -O3 -Wall -pipe      -DANDROID -DNDEBUG -DANDROID --sysroot=/opt/lilei/android_compile_toolchain/arm/sysroot -march=armv5te -mtune=arm9tdmi -msoft-float   -c -o filter_audiomap.o filter_audiomap.c
arm-linux-androideabi-gcc -I../.. -Wall -DPIC   -O2 -pipe -fno-tree-dominator-opts -fno-tree-pre -ffast-math    -g -D_FILE_OFFSET_BITS=64 -D_LARGEFILE_SOURCE -fPIC -pthread -O3 -Wall -pipe      -DANDROID -DNDEBUG -DANDROID --sysroot=/opt/lilei/android_compile_toolchain/arm/sysroot -march=armv5te -mtune=arm9tdmi -msoft-float   -c -o filter_audioconvert.o filter_audioconvert.c
arm-linux-androideabi-gcc -I../.. -Wall -DPIC   -O2 -pipe -fno-tree-dominator-opts -fno-tree-pre -ffast-math    -g -D_FILE_OFFSET_BITS=64 -D_LARGEFILE_SOURCE -fPIC -pthread -O3 -Wall -pipe      -DANDROID -DNDEBUG -DANDROID --sysroot=/opt/lilei/android_compile_toolchain/arm/sysroot -march=armv5te -mtune=arm9tdmi -msoft-float   -c -o filter_audiowave.o filter_audiowave.c
arm-linux-androideabi-gcc -I../.. -Wall -DPIC   -O2 -pipe -fno-tree-dominator-opts -fno-tree-pre -ffast-math    -g -D_FILE_OFFSET_BITS=64 -D_LARGEFILE_SOURCE -fPIC -pthread -O3 -Wall -pipe      -DANDROID -DNDEBUG -DANDROID --sysroot=/opt/lilei/android_compile_toolchain/arm/sysroot -march=armv5te -mtune=arm9tdmi -msoft-float   -c -o filter_brightness.o filter_brightness.c
arm-linux-androideabi-gcc -I../.. -Wall -DPIC   -O2 -pipe -fno-tree-dominator-opts -fno-tree-pre -ffast-math    -g -D_FILE_OFFSET_BITS=64 -D_LARGEFILE_SOURCE -fPIC -pthread -O3 -Wall -pipe      -DANDROID -DNDEBUG -DANDROID --sysroot=/opt/lilei/android_compile_toolchain/arm/sysroot -march=armv5te -mtune=arm9tdmi -msoft-float   -c -o filter_channelcopy.o filter_channelcopy.c
arm-linux-androideabi-gcc -I../.. -Wall -DPIC   -O2 -pipe -fno-tree-dominator-opts -fno-tree-pre -ffast-math    -g -D_FILE_OFFSET_BITS=64 -D_LARGEFILE_SOURCE -fPIC -pthread -O3 -Wall -pipe      -DANDROID -DNDEBUG -DANDROID --sysroot=/opt/lilei/android_compile_toolchain/arm/sysroot -march=armv5te -mtune=arm9tdmi -msoft-float   -c -o filter_crop.o filter_crop.c
arm-linux-androideabi-gcc -I../.. -Wall -DPIC   -O2 -pipe -fno-tree-dominator-opts -fno-tree-pre -ffast-math    -g -D_FILE_OFFSET_BITS=64 -D_LARGEFILE_SOURCE -fPIC -pthread -O3 -Wall -pipe      -DANDROID -DNDEBUG -DANDROID --sysroot=/opt/lilei/android_compile_toolchain/arm/sysroot -march=armv5te -mtune=arm9tdmi -msoft-float   -c -o filter_data_feed.o filter_data_feed.c
arm-linux-androideabi-gcc -I../.. -Wall -DPIC   -O2 -pipe -fno-tree-dominator-opts -fno-tree-pre -ffast-math    -g -D_FILE_OFFSET_BITS=64 -D_LARGEFILE_SOURCE -fPIC -pthread -O3 -Wall -pipe      -DANDROID -DNDEBUG -DANDROID --sysroot=/opt/lilei/android_compile_toolchain/arm/sysroot -march=armv5te -mtune=arm9tdmi -msoft-float   -c -o filter_data_show.o filter_data_show.c
arm-linux-androideabi-gcc -I../.. -Wall -DPIC   -O2 -pipe -fno-tree-dominator-opts -fno-tree-pre -ffast-math    -g -D_FILE_OFFSET_BITS=64 -D_LARGEFILE_SOURCE -fPIC -pthread -O3 -Wall -pipe      -DANDROID -DNDEBUG -DANDROID --sysroot=/opt/lilei/android_compile_toolchain/arm/sysroot -march=armv5te -mtune=arm9tdmi -msoft-float   -c -o filter_fieldorder.o filter_fieldorder.c
arm-linux-androideabi-gcc -I../.. -Wall -DPIC   -O2 -pipe -fno-tree-dominator-opts -fno-tree-pre -ffast-math    -g -D_FILE_OFFSET_BITS=64 -D_LARGEFILE_SOURCE -fPIC -pthread -O3 -Wall -pipe      -DANDROID -DNDEBUG -DANDROID --sysroot=/opt/lilei/android_compile_toolchain/arm/sysroot -march=armv5te -mtune=arm9tdmi -msoft-float   -c -o filter_gamma.o filter_gamma.c
arm-linux-androideabi-gcc -I../.. -Wall -DPIC   -O2 -pipe -fno-tree-dominator-opts -fno-tree-pre -ffast-math    -g -D_FILE_OFFSET_BITS=64 -D_LARGEFILE_SOURCE -fPIC -pthread -O3 -Wall -pipe      -DANDROID -DNDEBUG -DANDROID --sysroot=/opt/lilei/android_compile_toolchain/arm/sysroot -march=armv5te -mtune=arm9tdmi -msoft-float   -c -o filter_greyscale.o filter_greyscale.c
arm-linux-androideabi-gcc -I../.. -Wall -DPIC   -O2 -pipe -fno-tree-dominator-opts -fno-tree-pre -ffast-math    -g -D_FILE_OFFSET_BITS=64 -D_LARGEFILE_SOURCE -fPIC -pthread -O3 -Wall -pipe      -DANDROID -DNDEBUG -DANDROID --sysroot=/opt/lilei/android_compile_toolchain/arm/sysroot -march=armv5te -mtune=arm9tdmi -msoft-float   -c -o filter_imageconvert.o filter_imageconvert.c
arm-linux-androideabi-gcc -I../.. -Wall -DPIC   -O2 -pipe -fno-tree-dominator-opts -fno-tree-pre -ffast-math    -g -D_FILE_OFFSET_BITS=64 -D_LARGEFILE_SOURCE -fPIC -pthread -O3 -Wall -pipe      -DANDROID -DNDEBUG -DANDROID --sysroot=/opt/lilei/android_compile_toolchain/arm/sysroot -march=armv5te -mtune=arm9tdmi -msoft-float   -c -o filter_luma.o filter_luma.c
arm-linux-androideabi-gcc -I../.. -Wall -DPIC   -O2 -pipe -fno-tree-dominator-opts -fno-tree-pre -ffast-math    -g -D_FILE_OFFSET_BITS=64 -D_LARGEFILE_SOURCE -fPIC -pthread -O3 -Wall -pipe      -DANDROID -DNDEBUG -DANDROID --sysroot=/opt/lilei/android_compile_toolchain/arm/sysroot -march=armv5te -mtune=arm9tdmi -msoft-float   -c -o filter_mirror.o filter_mirror.c
arm-linux-androideabi-gcc -I../.. -Wall -DPIC   -O2 -pipe -fno-tree-dominator-opts -fno-tree-pre -ffast-math    -g -D_FILE_OFFSET_BITS=64 -D_LARGEFILE_SOURCE -fPIC -pthread -O3 -Wall -pipe      -DANDROID -DNDEBUG -DANDROID --sysroot=/opt/lilei/android_compile_toolchain/arm/sysroot -march=armv5te -mtune=arm9tdmi -msoft-float   -c -o filter_mono.o filter_mono.c
arm-linux-androideabi-gcc -I../.. -Wall -DPIC   -O2 -pipe -fno-tree-dominator-opts -fno-tree-pre -ffast-math    -g -D_FILE_OFFSET_BITS=64 -D_LARGEFILE_SOURCE -fPIC -pthread -O3 -Wall -pipe      -DANDROID -DNDEBUG -DANDROID --sysroot=/opt/lilei/android_compile_toolchain/arm/sysroot -march=armv5te -mtune=arm9tdmi -msoft-float   -c -o filter_obscure.o filter_obscure.c
arm-linux-androideabi-gcc -I../.. -Wall -DPIC   -O2 -pipe -fno-tree-dominator-opts -fno-tree-pre -ffast-math    -g -D_FILE_OFFSET_BITS=64 -D_LARGEFILE_SOURCE -fPIC -pthread -O3 -Wall -pipe      -DANDROID -DNDEBUG -DANDROID --sysroot=/opt/lilei/android_compile_toolchain/arm/sysroot -march=armv5te -mtune=arm9tdmi -msoft-float   -c -o filter_panner.o filter_panner.c
arm-linux-androideabi-gcc -I../.. -Wall -DPIC   -O2 -pipe -fno-tree-dominator-opts -fno-tree-pre -ffast-math    -g -D_FILE_OFFSET_BITS=64 -D_LARGEFILE_SOURCE -fPIC -pthread -O3 -Wall -pipe      -DANDROID -DNDEBUG -DANDROID --sysroot=/opt/lilei/android_compile_toolchain/arm/sysroot -march=armv5te -mtune=arm9tdmi -msoft-float   -c -o filter_region.o filter_region.c
arm-linux-androideabi-gcc -I../.. -Wall -DPIC   -O2 -pipe -fno-tree-dominator-opts -fno-tree-pre -ffast-math    -g -D_FILE_OFFSET_BITS=64 -D_LARGEFILE_SOURCE -fPIC -pthread -O3 -Wall -pipe      -DANDROID -DNDEBUG -DANDROID --sysroot=/opt/lilei/android_compile_toolchain/arm/sysroot -march=armv5te -mtune=arm9tdmi -msoft-float   -c -o filter_rescale.o filter_rescale.c
arm-linux-androideabi-gcc -I../.. -Wall -DPIC   -O2 -pipe -fno-tree-dominator-opts -fno-tree-pre -ffast-math    -g -D_FILE_OFFSET_BITS=64 -D_LARGEFILE_SOURCE -fPIC -pthread -O3 -Wall -pipe      -DANDROID -DNDEBUG -DANDROID --sysroot=/opt/lilei/android_compile_toolchain/arm/sysroot -march=armv5te -mtune=arm9tdmi -msoft-float   -c -o filter_resize.o filter_resize.c
arm-linux-androideabi-gcc -I../.. -Wall -DPIC   -O2 -pipe -fno-tree-dominator-opts -fno-tree-pre -ffast-math    -g -D_FILE_OFFSET_BITS=64 -D_LARGEFILE_SOURCE -fPIC -pthread -O3 -Wall -pipe      -DANDROID -DNDEBUG -DANDROID --sysroot=/opt/lilei/android_compile_toolchain/arm/sysroot -march=armv5te -mtune=arm9tdmi -msoft-float   -c -o filter_transition.o filter_transition.c
arm-linux-androideabi-gcc -I../.. -Wall -DPIC   -O2 -pipe -fno-tree-dominator-opts -fno-tree-pre -ffast-math    -g -D_FILE_OFFSET_BITS=64 -D_LARGEFILE_SOURCE -fPIC -pthread -O3 -Wall -pipe      -DANDROID -DNDEBUG -DANDROID --sysroot=/opt/lilei/android_compile_toolchain/arm/sysroot -march=armv5te -mtune=arm9tdmi -msoft-float   -c -o filter_watermark.o filter_watermark.c
arm-linux-androideabi-gcc -I../.. -Wall -DPIC   -O2 -pipe -fno-tree-dominator-opts -fno-tree-pre -ffast-math    -g -D_FILE_OFFSET_BITS=64 -D_LARGEFILE_SOURCE -fPIC -pthread -O3 -Wall -pipe      -DANDROID -DNDEBUG -DANDROID --sysroot=/opt/lilei/android_compile_toolchain/arm/sysroot -march=armv5te -mtune=arm9tdmi -msoft-float   -c -o transition_composite.o transition_composite.c
arm-linux-androideabi-gcc -I../.. -Wall -DPIC   -O2 -pipe -fno-tree-dominator-opts -fno-tree-pre -ffast-math    -g -D_FILE_OFFSET_BITS=64 -D_LARGEFILE_SOURCE -fPIC -pthread -O3 -Wall -pipe      -DANDROID -DNDEBUG -DANDROID --sysroot=/opt/lilei/android_compile_toolchain/arm/sysroot -march=armv5te -mtune=arm9tdmi -msoft-float   -c -o transition_luma.o transition_luma.c
arm-linux-androideabi-gcc -I../.. -Wall -DPIC   -O2 -pipe -fno-tree-dominator-opts -fno-tree-pre -ffast-math    -g -D_FILE_OFFSET_BITS=64 -D_LARGEFILE_SOURCE -fPIC -pthread -O3 -Wall -pipe      -DANDROID -DNDEBUG -DANDROID --sysroot=/opt/lilei/android_compile_toolchain/arm/sysroot -march=armv5te -mtune=arm9tdmi -msoft-float   -c -o transition_mix.o transition_mix.c
arm-linux-androideabi-gcc -I../.. -Wall -DPIC   -O2 -pipe -fno-tree-dominator-opts -fno-tree-pre -ffast-math    -g -D_FILE_OFFSET_BITS=64 -D_LARGEFILE_SOURCE -fPIC -pthread -O3 -Wall -pipe      -DANDROID -DNDEBUG -DANDROID --sysroot=/opt/lilei/android_compile_toolchain/arm/sysroot -march=armv5te -mtune=arm9tdmi -msoft-float   -c -o transition_region.o transition_region.c
arm-linux-androideabi-gcc -I../.. -Wall -DPIC   -O2 -pipe -fno-tree-dominator-opts -fno-tree-pre -ffast-math    -g -D_FILE_OFFSET_BITS=64 -D_LARGEFILE_SOURCE -fPIC -pthread -O3 -Wall -pipe      -DANDROID -DNDEBUG -DANDROID --sysroot=/opt/lilei/android_compile_toolchain/arm/sysroot -march=armv5te -mtune=arm9tdmi -msoft-float   -c -o transition_matte.o transition_matte.c
arm-linux-androideabi-gcc -I../.. -Wall -DPIC   -O2 -pipe -fno-tree-dominator-opts -fno-tree-pre -ffast-math    -g -D_FILE_OFFSET_BITS=64 -D_LARGEFILE_SOURCE -fPIC -pthread -O3 -Wall -pipe      -DANDROID -DNDEBUG -DANDROID --sysroot=/opt/lilei/android_compile_toolchain/arm/sysroot -march=armv5te -mtune=arm9tdmi -msoft-float   -c -o consumer_multi.o consumer_multi.c
arm-linux-androideabi-gcc -I../.. -Wall -DPIC   -O2 -pipe -fno-tree-dominator-opts -fno-tree-pre -ffast-math    -g -D_FILE_OFFSET_BITS=64 -D_LARGEFILE_SOURCE -fPIC -pthread -O3 -Wall -pipe      -DANDROID -DNDEBUG -DANDROID --sysroot=/opt/lilei/android_compile_toolchain/arm/sysroot -march=armv5te -mtune=arm9tdmi -msoft-float   -c -o consumer_null.o consumer_null.c
consumer_null.c: In function 'consumer_thread':
consumer_null.c:180:7: warning: pointer targets in passing argument 3 of 'mlt_properties_get_data_at' differ in signedness [-Wpointer-sign]
       feild_val = (char*)mlt_properties_get_data_at(frame_props, i, &sz);
       ^
In file included from ../../framework/mlt_service.h:26:0,
                 from ../../framework/mlt_consumer.h:26,
                 from consumer_null.c:21:
../../framework/mlt_properties.h:70:14: note: expected 'int *' but argument is of type 'size_t *'
 extern void *mlt_properties_get_data_at( mlt_properties self, int index, int *size );
              ^
arm-linux-androideabi-gcc -shared -o ../libmltcore.so factory.o producer_colour.o producer_consumer.o producer_hold.o producer_loader.o producer_melt.o producer_noise.o producer_timewarp.o producer_tone.o filter_audiochannels.o filter_audiomap.o filter_audioconvert.o filter_audiowave.o filter_brightness.o filter_channelcopy.o filter_crop.o filter_data_feed.o filter_data_show.o filter_fieldorder.o filter_gamma.o filter_greyscale.o filter_imageconvert.o filter_luma.o filter_mirror.o filter_mono.o filter_obscure.o filter_panner.o filter_region.o filter_rescale.o filter_resize.o filter_transition.o filter_watermark.o transition_composite.o transition_luma.o transition_mix.o transition_region.o transition_matte.o consumer_multi.o consumer_null.o  -Wl,--no-undefined -Wl,--as-needed  --sysroot=/opt/lilei/android_compile_toolchain/arm/sysroot -L../../framework -lmlt -lm
make[2]: Leaving directory `/opt/lilei/AVFX/mlt-standalone/output/armeabi/source/src/modules/core'
make[2]: Entering directory `/opt/lilei/AVFX/mlt-standalone/output/armeabi/source/src/modules/avformat'
arm-linux-androideabi-gcc -Wall -DPIC   -O2 -pipe -fno-tree-dominator-opts -fno-tree-pre -ffast-math    -g -D_FILE_OFFSET_BITS=64 -D_LARGEFILE_SOURCE -fPIC -pthread -O3 -Wall -pipe      -DANDROID -DNDEBUG -DANDROID --sysroot=/opt/lilei/android_compile_toolchain/arm/sysroot -march=armv5te -mtune=arm9tdmi -msoft-float -I/opt/lilei/ijkplayer-master/android/contrib/build/ffmpeg-armv5/output/include -I../.. -DFILTERS -DCODECS   -c -o factory.o factory.c
arm-linux-androideabi-gcc -Wall -DPIC   -O2 -pipe -fno-tree-dominator-opts -fno-tree-pre -ffast-math    -g -D_FILE_OFFSET_BITS=64 -D_LARGEFILE_SOURCE -fPIC -pthread -O3 -Wall -pipe      -DANDROID -DNDEBUG -DANDROID --sysroot=/opt/lilei/android_compile_toolchain/arm/sysroot -march=armv5te -mtune=arm9tdmi -msoft-float -I/opt/lilei/ijkplayer-master/android/contrib/build/ffmpeg-armv5/output/include -I../.. -DFILTERS -DCODECS   -c -o filter_avcolour_space.o filter_avcolour_space.c
arm-linux-androideabi-gcc -Wall -DPIC   -O2 -pipe -fno-tree-dominator-opts -fno-tree-pre -ffast-math    -g -D_FILE_OFFSET_BITS=64 -D_LARGEFILE_SOURCE -fPIC -pthread -O3 -Wall -pipe      -DANDROID -DNDEBUG -DANDROID --sysroot=/opt/lilei/android_compile_toolchain/arm/sysroot -march=armv5te -mtune=arm9tdmi -msoft-float -I/opt/lilei/ijkplayer-master/android/contrib/build/ffmpeg-armv5/output/include -I../.. -DFILTERS -DCODECS   -c -o filter_avresample.o filter_avresample.c
filter_avresample.c: In function 'resample_get_audio':
filter_avresample.c:85:4: warning: 'av_audio_resample_init' is deprecated (declared at /opt/lilei/ijkplayer-master/android/contrib/build/ffmpeg-armv5/output/include/libavcodec/avcodec.h:4976) [-Wdeprecated-declarations]
    resample = av_audio_resample_init( *channels, *channels, output_rate, *frequency,
    ^
filter_avresample.c:89:4: warning: 'audio_resample_close' is deprecated (declared at /opt/lilei/ijkplayer-master/android/contrib/build/ffmpeg-armv5/output/include/libavcodec/avcodec.h:4993) [-Wdeprecated-declarations]
    mlt_properties_set_data( filter_properties, "audio_resample", resample, 0, ( mlt_destructor )audio_resample_close, NULL );
    ^
filter_avresample.c:98:3: warning: 'audio_resample' is deprecated (declared at /opt/lilei/ijkplayer-master/android/contrib/build/ffmpeg-armv5/output/include/libavcodec/avcodec.h:4984) [-Wdeprecated-declarations]
   used = audio_resample( resample, sample_buffer, *buffer, *samples );
   ^
arm-linux-androideabi-gcc -Wall -DPIC   -O2 -pipe -fno-tree-dominator-opts -fno-tree-pre -ffast-math    -g -D_FILE_OFFSET_BITS=64 -D_LARGEFILE_SOURCE -fPIC -pthread -O3 -Wall -pipe      -DANDROID -DNDEBUG -DANDROID --sysroot=/opt/lilei/android_compile_toolchain/arm/sysroot -march=armv5te -mtune=arm9tdmi -msoft-float -I/opt/lilei/ijkplayer-master/android/contrib/build/ffmpeg-armv5/output/include -I../.. -DFILTERS -DCODECS   -c -o filter_avdeinterlace.o filter_avdeinterlace.c
arm-linux-androideabi-gcc -Wall -DPIC   -O2 -pipe -fno-tree-dominator-opts -fno-tree-pre -ffast-math    -g -D_FILE_OFFSET_BITS=64 -D_LARGEFILE_SOURCE -fPIC -pthread -O3 -Wall -pipe      -DANDROID -DNDEBUG -DANDROID --sysroot=/opt/lilei/android_compile_toolchain/arm/sysroot -march=armv5te -mtune=arm9tdmi -msoft-float -I/opt/lilei/ijkplayer-master/android/contrib/build/ffmpeg-armv5/output/include -I../.. -DFILTERS -DCODECS   -c -o filter_swscale.o filter_swscale.c
arm-linux-androideabi-gcc -Wall -DPIC   -O2 -pipe -fno-tree-dominator-opts -fno-tree-pre -ffast-math    -g -D_FILE_OFFSET_BITS=64 -D_LARGEFILE_SOURCE -fPIC -pthread -O3 -Wall -pipe      -DANDROID -DNDEBUG -DANDROID --sysroot=/opt/lilei/android_compile_toolchain/arm/sysroot -march=armv5te -mtune=arm9tdmi -msoft-float -I/opt/lilei/ijkplayer-master/android/contrib/build/ffmpeg-armv5/output/include -I../.. -DFILTERS -DCODECS   -c -o producer_avformat.o producer_avformat.c
arm-linux-androideabi-gcc -Wall -DPIC   -O2 -pipe -fno-tree-dominator-opts -fno-tree-pre -ffast-math    -g -D_FILE_OFFSET_BITS=64 -D_LARGEFILE_SOURCE -fPIC -pthread -O3 -Wall -pipe      -DANDROID -DNDEBUG -DANDROID --sysroot=/opt/lilei/android_compile_toolchain/arm/sysroot -march=armv5te -mtune=arm9tdmi -msoft-float -I/opt/lilei/ijkplayer-master/android/contrib/build/ffmpeg-armv5/output/include -I../.. -DFILTERS -DCODECS   -c -o consumer_avformat.o consumer_avformat.c
arm-linux-androideabi-gcc -shared -o ../libmltavformat.so factory.o filter_avcolour_space.o filter_avresample.o filter_avdeinterlace.o filter_swscale.o producer_avformat.o consumer_avformat.o -Wl,--no-undefined -Wl,--as-needed  --sysroot=/opt/lilei/android_compile_toolchain/arm/sysroot -L/opt/lilei/ijkplayer-master/android/contrib/build/ffmpeg-armv5/output -lijkffmpeg -L../../framework -lmlt -lm 
make[2]: Leaving directory `/opt/lilei/AVFX/mlt-standalone/output/armeabi/source/src/modules/avformat'
make[1]: Leaving directory `/opt/lilei/AVFX/mlt-standalone/output/armeabi/source/src/modules'
make[1]: Entering directory `/opt/lilei/AVFX/mlt-standalone/output/armeabi/source/profiles'
make[1]: Nothing to be done for `all'.
make[1]: Leaving directory `/opt/lilei/AVFX/mlt-standalone/output/armeabi/source/profiles'
install -d "/opt/lilei/AVFX/mlt-standalone/output/armeabi/build/bin"
install -d "/opt/lilei/AVFX/mlt-standalone/output/armeabi/build/include"
install -d "/opt/lilei/AVFX/mlt-standalone/output/armeabi/build/lib"
install -d "/opt/lilei/AVFX/mlt-standalone/output/armeabi/build/lib/mlt"
install -d "/opt/lilei/AVFX/mlt-standalone/output/armeabi/build/lib/pkgconfig"
install -d "/opt/lilei/AVFX/mlt-standalone/output/armeabi/build/share/mlt"
install -c -m 644 *.pc "/opt/lilei/AVFX/mlt-standalone/output/armeabi/build/lib/pkgconfig"
list='src/framework src/modules profiles'; \
	for subdir in $list; do \
		make DESTDIR= -C $subdir install || exit 1; \
	done
make[1]: Entering directory `/opt/lilei/AVFX/mlt-standalone/output/armeabi/source/src/framework'
install -d /opt/lilei/AVFX/mlt-standalone/output/armeabi/build/lib
if [ "Android" = "MinGW" ]; then \
		install -m 755 libmlt.so /opt/lilei/AVFX/mlt-standalone/output/armeabi/build ; \
		install -m 755 libmlt.so /opt/lilei/AVFX/mlt-standalone/output/armeabi/build/lib/libmlt.dll ; \
		install -m 644 libmlt.def /opt/lilei/AVFX/mlt-standalone/output/armeabi/build/lib ; \
	else \
		install -m 755 libmlt.so /opt/lilei/AVFX/mlt-standalone/output/armeabi/build/lib ; \
        if [ "Android" != "Android" ]; then \
		    ln -sf libmlt.so /opt/lilei/AVFX/mlt-standalone/output/armeabi/build/lib/libmlt.so ; \
		    ln -sf libmlt.so /opt/lilei/AVFX/mlt-standalone/output/armeabi/build/lib/libmlt.so ; \
        fi \
	fi
install -d "/opt/lilei/AVFX/mlt-standalone/output/armeabi/build/include/mlt/framework"
install -m 644 mlt_consumer.h mlt_version.h mlt_factory.h mlt_filter.h mlt.h mlt_multitrack.h mlt_pool.h mlt_properties.h mlt_events.h mlt_parser.h mlt_repository.h mlt_tractor.h mlt_types.h mlt_deque.h mlt_field.h mlt_frame.h mlt_geometry.h mlt_playlist.h mlt_producer.h mlt_property.h mlt_service.h mlt_transition.h mlt_tokeniser.h mlt_profile.h mlt_log.h mlt_cache.h mlt_animation.h mlt_android_env.h "/opt/lilei/AVFX/mlt-standalone/output/armeabi/build/include/mlt/framework"
install -d "/opt/lilei/AVFX/mlt-standalone/output/armeabi/build/share/mlt"
install -m 644 metaschema.yaml "/opt/lilei/AVFX/mlt-standalone/output/armeabi/build/share/mlt"
make[1]: Leaving directory `/opt/lilei/AVFX/mlt-standalone/output/armeabi/source/src/framework'
make[1]: Entering directory `/opt/lilei/AVFX/mlt-standalone/output/armeabi/source/src/modules'
list='xml lumas vid.stab xine motion_est normalize sdl linsys rtaudio gtk2 plus kdenlive dv decklink core vmfx swfdec resample opengl sox qt jackrack vorbis plusgpl avformat videostab frei0r feeds oldfilm kino'; \
	for subdir in $list; do \
		if [ -f $subdir/Makefile -a ! -f disable-$subdir -a ! -f $subdir/deprecated ] ; \
		then make DESTDIR= -C $subdir install || exit 1; \
		fi \
	done
make[2]: Entering directory `/opt/lilei/AVFX/mlt-standalone/output/armeabi/source/src/modules/lumas'
install -d /opt/lilei/AVFX/mlt-standalone/output/armeabi/build/share/mlt/lumas/PAL
install -d /opt/lilei/AVFX/mlt-standalone/output/armeabi/build/share/mlt/lumas/NTSC
install -m 644 PAL/* /opt/lilei/AVFX/mlt-standalone/output/armeabi/build/share/mlt/lumas/PAL
install -m 644 NTSC/* /opt/lilei/AVFX/mlt-standalone/output/armeabi/build/share/mlt/lumas/NTSC
make[2]: Leaving directory `/opt/lilei/AVFX/mlt-standalone/output/armeabi/source/src/modules/lumas'
make[2]: Entering directory `/opt/lilei/AVFX/mlt-standalone/output/armeabi/source/src/modules/core'
install -m 755 ../libmltcore.so "/opt/lilei/AVFX/mlt-standalone/output/armeabi/build/lib/mlt"
install -d "/opt/lilei/AVFX/mlt-standalone/output/armeabi/build/share/mlt/core"
install -m 644 data_fx.properties "/opt/lilei/AVFX/mlt-standalone/output/armeabi/build/share/mlt/core"
install -m 644 loader.dict "/opt/lilei/AVFX/mlt-standalone/output/armeabi/build/share/mlt/core"
install -m 644 loader.ini "/opt/lilei/AVFX/mlt-standalone/output/armeabi/build/share/mlt/core"
install -m 644 *.yml "/opt/lilei/AVFX/mlt-standalone/output/armeabi/build/share/mlt/core"
make[2]: Leaving directory `/opt/lilei/AVFX/mlt-standalone/output/armeabi/source/src/modules/core'
make[2]: Entering directory `/opt/lilei/AVFX/mlt-standalone/output/armeabi/source/src/modules/avformat'
install -m 755 ../libmltavformat.so "/opt/lilei/AVFX/mlt-standalone/output/armeabi/build/lib/mlt"
install -d "/opt/lilei/AVFX/mlt-standalone/output/armeabi/build/share/mlt/avformat"
install -m 644 producer_avformat.yml "/opt/lilei/AVFX/mlt-standalone/output/armeabi/build/share/mlt/avformat"
install -m 644 consumer_avformat.yml "/opt/lilei/AVFX/mlt-standalone/output/armeabi/build/share/mlt/avformat"
make[2]: Leaving directory `/opt/lilei/AVFX/mlt-standalone/output/armeabi/source/src/modules/avformat'
make[1]: Leaving directory `/opt/lilei/AVFX/mlt-standalone/output/armeabi/source/src/modules'
make[1]: Entering directory `/opt/lilei/AVFX/mlt-standalone/output/armeabi/source/profiles'
rm -rf "/opt/lilei/AVFX/mlt-standalone/output/armeabi/build/share/mlt/profiles"
install -d "/opt/lilei/AVFX/mlt-standalone/output/armeabi/build/share/mlt/profiles"
install -m 644 * "/opt/lilei/AVFX/mlt-standalone/output/armeabi/build/share/mlt/profiles"
rm -f "/opt/lilei/AVFX/mlt-standalone/output/armeabi/build/share/mlt/profiles/"*~
rm -f "/opt/lilei/AVFX/mlt-standalone/output/armeabi/build/share/mlt/profiles/Makefile"
make[1]: Leaving directory `/opt/lilei/AVFX/mlt-standalone/output/armeabi/source/profiles'
cp -R presets "/opt/lilei/AVFX/mlt-standalone/output/armeabi/build/share/mlt"
