Fri Dec  4 19:04:40 CST 2015
./configure --disable-decklink --disable-dv --disable-feeds --disable-jackrack --disable-kdenlive --disable-oldfilm --enable-resample --disable-sox --disable-swfdec --disable-vmfx --disable-mmx --disable-sse --disable-sse2 --disable-gtk2 --avformat-static=/opt/ffmpeg/lib --disable-lumas --disable-plus --disable-rtaudio --disable-sox --disable-vorbis
Fri Dec  4 19:05:11 CST 2015
./configure --disable-decklink --disable-dv --disable-feeds --disable-jackrack --disable-kdenlive --disable-oldfilm --enable-resample --disable-sox --disable-swfdec --disable-vmfx --disable-mmx --disable-sse --disable-sse2 --disable-gtk2 --avformat-static=/usr/local --disable-lumas --disable-plus --disable-rtaudio --disable-sox --disable-vorbis
Fri Dec  4 19:06:13 CST 2015
./configure --disable-decklink --disable-dv --disable-feeds --disable-jackrack --disable-kdenlive --disable-oldfilm --enable-resample --disable-sox --disable-swfdec --disable-vmfx --disable-mmx --disable-sse --disable-sse2 --disable-gtk2 --avformat-static=/usr/local/lib --disable-lumas --disable-plus --disable-rtaudio --disable-sox --disable-vorbis
Fri Dec  4 19:11:41 CST 2015
./configure --disable-decklink --disable-dv --disable-feeds --disable-jackrack --disable-kdenlive --disable-oldfilm --enable-resample --disable-sox --disable-swfdec --disable-vmfx --disable-mmx --disable-sse --disable-sse2 --disable-gtk2 --avformat-shared=/usr/local --disable-lumas --disable-plus --disable-rtaudio --disable-sox --disable-vorbis
Fri Dec  4 19:17:16 CST 2015
./configure --disable-decklink --disable-dv --disable-feeds --disable-jackrack --disable-kdenlive --disable-oldfilm --enable-resample --disable-sox --disable-swfdec --disable-vmfx --disable-mmx --disable-sse --disable-sse2 --disable-gtk2 --avformat-shared=/usr/local/lib --disable-lumas --disable-plus --disable-rtaudio --disable-sox --disable-vorbis
Fri Dec  4 22:03:24 CST 2015
./configure --disable-decklink --disable-dv --disable-feeds --disable-jackrack --disable-kdenlive --disable-oldfilm --enable-resample --disable-sox --disable-swfdec --disable-vmfx --disable-mmx --disable-sse --disable-sse2 --disable-gtk2 --avformat-shared=/usr/local --disable-lumas --disable-plus --disable-rtaudio --disable-sox --disable-vorbis --enable-debug
Tue Dec  8 14:50:46 CST 2015
./configure --disable-decklink --disable-dv --disable-feeds --disable-jackrack --disable-kdenlive --disable-oldfilm --enable-resample --disable-sox --disable-swfdec --disable-vmfx --disable-gtk2 --avformat-shared=/usr/local --disable-lumas --disable-plus --disable-rtaudio --disable-sox --disable-vorbis --enable-debug
Tue Dec  8 16:07:54 CST 2015
./configure --disable-decklink --disable-dv --disable-feeds --disable-jackrack --disable-kdenlive --disable-oldfilm --enable-resample --disable-sox --disable-swfdec --disable-vmfx --disable-gtk2 --avformat-shared=/usr/local --disable-lumas --disable-plus --disable-rtaudio --disable-sox --disable-vorbis --enable-debug
Tue Dec  8 19:49:12 CST 2015
./configure --disable-decklink --disable-dv --disable-feeds --disable-jackrack --disable-kdenlive --disable-oldfilm --enable-resample --disable-sox --disable-swfdec --disable-vmfx --disable-gtk2 --avformat-shared=/usr/local --disable-lumas --disable-plus --disable-rtaudio --disable-sox --disable-vorbis --enable-debug
Wed Dec  9 05:29:11 CST 2015
./configure --disable-decklink --disable-dv --disable-feeds --disable-jackrack --disable-kdenlive --disable-oldfilm --enable-resample --disable-sox --disable-swfdec --disable-vmfx --disable-gtk2 --avformat-shared=/usr/local --disable-plus --disable-rtaudio --disable-sox --disable-vorbis --enable-debug
Wed Dec  9 05:30:43 CST 2015
./configure --disable-decklink --disable-dv --disable-feeds --disable-jackrack --disable-kdenlive --disable-oldfilm --enable-resample --disable-sox --disable-swfdec --disable-vmfx --disable-gtk2 --avformat-shared=/usr/local --disable-plus --disable-rtaudio --disable-sox --disable-vorbis --enable-debug --without-kde
Wed Dec  9 22:52:56 CST 2015
./configure --disable-decklink --disable-dv --disable-feeds --disable-jackrack --disable-kdenlive --disable-oldfilm --enable-resample --disable-sox --disable-swfdec --disable-vmfx --avformat-shared=/usr/local --disable-plus --disable-rtaudio --disable-sox --disable-vorbis --enable-debug --without-kde
Fri Dec 18 20:13:24 CST 2015
./configure --disable-decklink --disable-dv --disable-feeds --disable-jackrack --disable-kdenlive --disable-oldfilm --enable-resample --disable-sox --disable-swfdec --disable-vmfx --avformat-shared=/usr/local --disable-lumas --disable-plus --disable-rtaudio --disable-sox --disable-vorbis --enable-debug
Fri Dec 18 20:13:42 CST 2015
./configure --disable-decklink --disable-dv --disable-feeds --disable-jackrack --disable-kdenlive --disable-oldfilm --enable-resample --disable-sox --disable-swfdec --disable-vmfx --avformat-shared=/usr/local --disable-lumas --disable-plus --disable-rtaudio --disable-sox --disable-vorbis --enable-debug --disable-swig
Fri Dec 18 20:18:55 CST 2015
./configure --disable-decklink --disable-dv --disable-feeds --disable-jackrack --disable-kdenlive --disable-oldfilm --enable-resample --disable-sox --disable-swfdec --disable-vmfx --avformat-shared=/usr/local --disable-lumas --disable-plus --disable-rtaudio --disable-sox --disable-vorbis --enable-debug --enable-qt
Fri Dec 18 20:19:12 CST 2015
./configure --disable-decklink --disable-dv --disable-feeds --disable-jackrack --disable-kdenlive --disable-oldfilm --enable-resample --disable-sox --disable-swfdec --disable-vmfx --avformat-shared=/usr/local --disable-lumas --disable-plus --disable-rtaudio --disable-sox --disable-vorbis --enable-debug --enable-qt --disable-gtk2
Fri Dec 18 20:20:13 CST 2015
./configure --disable-decklink --disable-dv --disable-feeds --disable-jackrack --disable-kdenlive --disable-oldfilm --enable-resample --disable-sox --disable-swfdec --disable-vmfx --avformat-shared=/usr/local --disable-lumas --disable-plus --disable-rtaudio --disable-sox --disable-vorbis --enable-debug --enable-qt --disable-gtk2
Fri Dec 18 20:20:47 CST 2015
./configure --disable-decklink --disable-dv --disable-feeds --disable-jackrack --disable-kdenlive --disable-oldfilm --enable-resample --disable-sox --disable-swfdec --disable-vmfx --avformat-shared=/usr/local --disable-lumas --disable-plus --disable-rtaudio --disable-sox --disable-vorbis --enable-debug --disable-gtk2 --enable-gpl
Fri Dec 18 20:21:26 CST 2015
./configure --disable-decklink --disable-dv --disable-feeds --disable-jackrack --disable-kdenlive --disable-oldfilm --enable-resample --disable-sox --disable-swfdec --disable-vmfx --avformat-shared=/usr/local --disable-lumas --disable-plus --disable-rtaudio --disable-sox --disable-vorbis --enable-debug --disable-gtk2 --enable-gpl --without-kde
Fri Dec 18 20:21:44 CST 2015
./configure --disable-decklink --disable-dv --disable-feeds --disable-jackrack --disable-kdenlive --disable-oldfilm --enable-resample --disable-sox --disable-swfdec --disable-vmfx --avformat-shared=/usr/local --disable-lumas --disable-plus --disable-rtaudio --disable-sox --disable-vorbis --enable-debug --disable-gtk2 --enable-gpl --without-kde
Fri Dec 18 20:23:21 CST 2015
./configure --disable-decklink --disable-dv --disable-feeds --disable-jackrack --disable-kdenlive --disable-oldfilm --enable-resample --disable-swfdec --avformat-shared=/usr/local --disable-plus --disable-rtaudio --disable-vorbis --enable-debug --disable-gtk2 --enable-gpl --without-kde
Fri Dec 18 20:27:41 CST 2015
./configure --disable-decklink --disable-dv --disable-feeds --disable-jackrack --disable-kdenlive --disable-oldfilm --enable-resample --disable-swfdec --avformat-shared=/usr/local --disable-plus --disable-rtaudio --disable-vorbis --enable-debug --disable-gtk2 --enable-gpl --without-kde
Fri Dec 18 20:28:02 CST 2015
./configure --disable-decklink --disable-dv --disable-feeds --disable-jackrack --disable-kdenlive --disable-oldfilm --enable-resample --disable-swfdec --avformat-shared=/usr/local --disable-plus --disable-rtaudio --disable-vorbis --enable-debug --disable-gtk2 --enable-gpl --without-kde
Sat Dec 19 22:58:12 CST 2015
./configure --disable-decklink --disable-dv --disable-feeds --disable-jackrack --disable-kdenlive --disable-oldfilm --enable-resample --disable-swfdec --avformat-shared=/usr/local --disable-plus --disable-rtaudio --disable-vorbis --enable-debug --disable-gtk2 --enable-gpl --without-kde
Mon Dec 21 02:43:24 CST 2015
./configure --disable-decklink --disable-dv --disable-feeds --disable-jackrack --disable-kdenlive --disable-oldfilm --enable-resample --disable-swfdec --avformat-shared=/usr/local --disable-plus --disable-rtaudio --disable-vorbis --enable-debug --disable-qt --disable-opengl --disable-gtk2 --enable-gpl --without-kde
Mon Dec 21 02:46:10 CST 2015
./configure --disable-decklink --disable-dv --disable-feeds --disable-jackrack --disable-kdenlive --disable-oldfilm --enable-resample --disable-swfdec --avformat-shared=/usr/local --disable-plus --disable-rtaudio --disable-vorbis --enable-debug --disable-qt --disable-opengl --disable-gtk2 --enable-gpl --without-kde
Mon Dec 21 02:47:20 CST 2015
./configure --disable-decklink --disable-dv --disable-feeds --disable-jackrack --disable-kdenlive --disable-oldfilm --enable-resample --disable-swfdec --avformat-shared=/usr/local --disable-plus --disable-rtaudio --disable-vorbis --enable-debug --disable-qt --disable-opengl --disable-gtk2 --enable-gpl --disable-resample
Mon Dec 21 07:32:03 CST 2015
./configure --disable-decklink --disable-dv --disable-feeds --disable-jackrack --disable-oldfilm --enable-resample --disable-swfdec --avformat-shared=/usr/local --disable-plus --disable-rtaudio --disable-vorbis --enable-debug --disable-qt --disable-opengl --disable-gtk2 --enable-gpl --disable-resample
Mon Dec 21 07:32:26 CST 2015
./configure --disable-decklink --disable-dv --disable-feeds --disable-jackrack --disable-oldfilm --enable-resample --disable-swfdec --avformat-shared=/usr/local --disable-plus --disable-rtaudio --disable-vorbis --enable-debug --disable-qt --disable-opengl --disable-gtk2 --enable-gpl --disable-resample --enable-kino
Fri Jan  1 20:54:37 CST 2016
./configure --disable-decklink --disable-dv --disable-feeds --disable-jackrack --disable-oldfilm --enable-resample --disable-swfdec --avformat-shared=/usr/local --disable-plus --disable-rtaudio --disable-vorbis --enable-debug --disable-qt --disable-opengl --disable-gtk2 --enable-gpl --disable-resample --enable-kino
Fri Jan  1 20:55:23 CST 2016
./configure --disable-decklink --disable-dv --disable-feeds --disable-jackrack --disable-oldfilm --enable-resample --disable-swfdec --avformat-shared=/usr/local --disable-rtaudio --disable-vorbis --enable-debug --disable-opengl --disable-gtk2 --enable-gpl --disable-resample --enable-kino
Fri Jan  1 20:56:37 CST 2016
./configure --disable-decklink --disable-dv --disable-feeds --disable-jackrack --disable-oldfilm --enable-resample --disable-swfdec --avformat-shared=/usr/local --disable-rtaudio --disable-vorbis --enable-debug --disable-opengl --disable-gtk2 --enable-gpl --disable-resample --enable-kino
Fri Jan  1 21:02:57 CST 2016
./configure --disable-decklink --disable-dv --disable-feeds --disable-jackrack --disable-oldfilm --enable-resample --disable-swfdec --avformat-shared=/usr/local --disable-rtaudio --disable-vorbis --enable-debug --disable-opengl --disable-gtk2 --enable-gpl --disable-resample --enable-kino --without-kde=true
Fri Jan  1 21:04:25 CST 2016
./configure --disable-decklink --disable-dv --disable-feeds --disable-jackrack --disable-oldfilm --enable-resample --disable-swfdec --avformat-shared=/usr/local --disable-rtaudio --disable-vorbis --enable-debug --disable-opengl --disable-gtk2 --enable-gpl --disable-resample --enable-kino --without-kde
Fri Jan  1 21:10:25 CST 2016
./configure --disable-decklink --disable-dv --disable-feeds --disable-jackrack --disable-oldfilm --enable-resample --disable-swfdec --avformat-shared=/usr/local --disable-rtaudio --disable-vorbis --enable-debug --disable-opengl --disable-gtk2 --enable-gpl --disable-resample --enable-kino --without-kde
Fri Jan  8 11:06:18 CST 2016
./configure --arch=arm --cpu=cortex-a8 --enable-neon --enable-thumb --disable-decklink --disable-dv --disable-feeds --disable-jackrack --disable-kdenlive --disable-oldfilm --disable-resample --disable-sox --disable-swfdec --disable-vmfx --disable-mmx --disable-sse --disable-sse2 --disable-gtk2 --disable-lumas --disable-plus --disable-rtaudio --disable-sox --disable-vorbis --prefix=/opt/lilei/mlt-master/android/build/mlt-armv7a/output --cross-prefix=arm-linux-androideabi- --enable-cross-compile --target-os=linux --extra-cflags=-O3 -Wall -pipe     -std=c99     -ffast-math     -fstrict-aliasing -Werror=strict-aliasing     -Wno-psabi -Wa,--noexecstack     -DANDROID -DNDEBUG  -march=armv7-a -mcpu=cortex-a8 -mfpu=vfpv3-d16 -mfloat-abi=softfp -mthumb --extra-ldflags=  -Wl,--fix-cortex-a8
Fri Jan  8 11:11:07 CST 2016
./configure --arch=arm --cpu=cortex-a8 --enable-neon --enable-thumb --disable-decklink --disable-dv --disable-feeds --disable-jackrack --disable-kdenlive --disable-oldfilm --disable-resample --disable-sox --disable-swfdec --disable-vmfx --disable-mmx --disable-sse --disable-sse2 --disable-gtk2 --disable-lumas --disable-plus --disable-rtaudio --disable-sox --disable-vorbis --prefix=/opt/lilei/mlt-master/android/build/mlt-armv7a/output --cross-prefix=arm-linux-androideabi- --enable-cross-compile --target-os=linux --extra-cflags=-O3 -Wall -pipe     -std=c99     -ffast-math     -fstrict-aliasing -Werror=strict-aliasing     -Wno-psabi -Wa,--noexecstack     -DANDROID -DNDEBUG  -march=armv7-a -mcpu=cortex-a8 -mfpu=vfpv3-d16 -mfloat-abi=softfp -mthumb --extra-ldflags=  -Wl,--fix-cortex-a8
Fri Jan  8 11:46:49 CST 2016
./configure --arch=arm --cpu=cortex-a8 --enable-neon --enable-thumb --disable-decklink --disable-dv --disable-feeds --disable-jackrack --disable-kdenlive --disable-oldfilm --disable-resample --disable-sox --disable-swfdec --disable-vmfx --disable-mmx --disable-sse --disable-sse2 --disable-gtk2 --disable-lumas --disable-plus --disable-rtaudio --disable-sox --disable-vorbis --prefix=/opt/lilei/mlt-master/android/build/mlt-armv7a/output --cross-prefix=arm-linux-androideabi- --enable-cross-compile --target-os=linux --extra-cflags=-O3 -Wall -pipe     -std=c99     -ffast-math     -fstrict-aliasing -Werror=strict-aliasing     -Wno-psabi -Wa,--noexecstack     -DANDROID -DNDEBUG  -march=armv7-a -mcpu=cortex-a8 -mfpu=vfpv3-d16 -mfloat-abi=softfp -mthumb --extra-ldflags=  -Wl,--fix-cortex-a8
Fri Jan  8 11:48:26 CST 2016
./configure --arch=arm --cpu=cortex-a8 --enable-neon --enable-thumb --disable-decklink --disable-dv --disable-feeds --disable-jackrack --disable-kdenlive --disable-oldfilm --disable-resample --disable-sox --disable-swfdec --disable-vmfx --disable-mmx --disable-sse --disable-sse2 --disable-gtk2 --disable-plus --disable-rtaudio --disable-sox --disable-vorbis --prefix=/opt/lilei/mlt-master/android/build/mlt-armv7a/output --cross-prefix=arm-linux-androideabi- --enable-cross-compile --target-os=linux --extra-cflags=-O3 -Wall -pipe     -std=c99     -ffast-math     -fstrict-aliasing -Werror=strict-aliasing     -Wno-psabi -Wa,--noexecstack     -DANDROID -DNDEBUG  -march=armv7-a -mcpu=cortex-a8 -mfpu=vfpv3-d16 -mfloat-abi=softfp -mthumb --extra-ldflags=  -Wl,--fix-cortex-a8
Fri Jan  8 11:50:14 CST 2016
./configure --arch=arm --cpu=cortex-a8 --enable-neon --enable-thumb --disable-decklink --disable-dv --disable-feeds --disable-jackrack --disable-kdenlive --disable-oldfilm --disable-resample --disable-sox --disable-swfdec --disable-vmfx --disable-mmx --disable-sse --disable-sse2 --disable-gtk2 --disable-plus --disable-rtaudio --disable-sox --disable-vorbis --prefix=/opt/lilei/mlt-master/android/build/mlt-armv7a/output --cross-prefix=arm-linux-androideabi- --enable-cross-compile --target-os=linux --extra-cflags=-O3 -Wall -pipe     -std=c99     -ffast-math     -fstrict-aliasing -Werror=strict-aliasing     -Wno-psabi -Wa,--noexecstack     -DANDROID -DNDEBUG  -march=armv7-a -mcpu=cortex-a8 -mfpu=vfpv3-d16 -mfloat-abi=softfp -mthumb --extra-ldflags=  -Wl,--fix-cortex-a8
Fri Jan  8 11:50:21 CST 2016
./configure --arch=arm --cpu=cortex-a8 --enable-neon --enable-thumb --disable-decklink --disable-dv --disable-feeds --disable-jackrack --disable-kdenlive --disable-oldfilm --disable-resample --disable-sox --disable-swfdec --disable-vmfx --disable-mmx --disable-sse --disable-sse2 --disable-gtk2 --disable-plus --disable-rtaudio --disable-sox --disable-vorbis --prefix=/opt/lilei/mlt-master/android/build/mlt-armv7a/output --cross-prefix=arm-linux-androideabi- --enable-cross-compile --target-os=linux --extra-cflags=-O3 -Wall -pipe     -std=c99     -ffast-math     -fstrict-aliasing -Werror=strict-aliasing     -Wno-psabi -Wa,--noexecstack     -DANDROID -DNDEBUG  -march=armv7-a -mcpu=cortex-a8 -mfpu=vfpv3-d16 -mfloat-abi=softfp -mthumb --extra-ldflags=  -Wl,--fix-cortex-a8
Fri Jan  8 11:50:31 CST 2016
./configure --arch=arm --cpu=cortex-a8 --enable-neon --enable-thumb --disable-decklink --disable-dv --disable-feeds --disable-jackrack --disable-kdenlive --disable-oldfilm --disable-resample --disable-sox --disable-swfdec --disable-vmfx --disable-mmx --disable-sse --disable-sse2 --disable-gtk2 --disable-plus --disable-rtaudio --disable-sox --disable-vorbis --prefix=/opt/lilei/mlt-master/android/build/mlt-armv7a/output --cross-prefix=arm-linux-androideabi- --enable-cross-compile --target-os=linux --extra-cflags=-O3 -Wall -pipe     -std=c99     -ffast-math     -fstrict-aliasing -Werror=strict-aliasing     -Wno-psabi -Wa,--noexecstack     -DANDROID -DNDEBUG  -march=armv7-a -mcpu=cortex-a8 -mfpu=vfpv3-d16 -mfloat-abi=softfp -mthumb --extra-ldflags=  -Wl,--fix-cortex-a8
Fri Jan  8 11:52:51 CST 2016
./configure --arch=arm --cpu=cortex-a8 --enable-neon --enable-thumb --disable-decklink --disable-dv --disable-feeds --disable-jackrack --disable-kdenlive --disable-oldfilm --disable-resample --disable-sox --disable-swfdec --disable-vmfx --disable-mmx --disable-sse --disable-sse2 --disable-gtk2 --disable-plus --disable-rtaudio --disable-sox --disable-vorbis --prefix=/opt/lilei/mlt-master/android/build/mlt-armv7a/output --cross-prefix=arm-linux-androideabi- --enable-cross-compile --target-os=linux --extra-cflags=-O3 -Wall -pipe     -std=c99     -ffast-math     -fstrict-aliasing -Werror=strict-aliasing     -Wno-psabi -Wa,--noexecstack     -DANDROID -DNDEBUG  -march=armv7-a -mcpu=cortex-a8 -mfpu=vfpv3-d16 -mfloat-abi=softfp -mthumb --extra-ldflags=  -Wl,--fix-cortex-a8
Fri Jan  8 11:53:52 CST 2016
./configure --arch=arm --cpu=cortex-a8 --enable-neon --enable-thumb --disable-decklink --disable-dv --disable-feeds --disable-jackrack --disable-kdenlive --disable-oldfilm --disable-resample --disable-sox --disable-swfdec --disable-vmfx --disable-mmx --disable-sse --disable-sse2 --disable-gtk2 --disable-plus --disable-rtaudio --disable-sox --disable-vorbis --prefix=/opt/lilei/mlt-master/android/build/mlt-armv7a/output --cross-prefix=arm-linux-androideabi- --enable-cross-compile --target-os=linux
Fri Jan  8 13:00:04 CST 2016
./configure --arch=armv7-a --cpu=cortex-a8 --enable-neon --enable-thumb --disable-decklink --disable-dv --disable-feeds --disable-jackrack --disable-kdenlive --disable-oldfilm --disable-resample --disable-sox --disable-swfdec --disable-vmfx --disable-mmx --disable-sse --disable-sse2 --disable-gtk2 --disable-plus --disable-rtaudio --disable-sox --disable-vorbis --prefix=/opt/lilei/mlt-master/android/build/mlt-armv7a/output --cross-prefix=arm-linux-androideabi- --enable-cross-compile --target-os=Android --extra-cflags=-O3 -Wall -pipe     -std=c99     -ffast-math     -fstrict-aliasing -Werror=strict-aliasing     -Wno-psabi -Wa,--noexecstack     -DANDROID -DNDEBUG  -march=armv7-a -mcpu=cortex-a8 -mfpu=vfpv3-d16 -mfloat-abi=softfp -mthumb --extra-ldflags=  -Wl,--fix-cortex-a8
Fri Jan  8 13:05:43 CST 2016
./configure --arch=armv7-a --cpu=cortex-a8 --disable-decklink --disable-dv --disable-feeds --disable-jackrack --disable-kdenlive --disable-oldfilm --disable-resample --disable-sox --disable-swfdec --disable-vmfx --disable-mmx --disable-sse --disable-sse2 --disable-gtk2 --disable-plus --disable-rtaudio --disable-sox --disable-vorbis --prefix=/opt/lilei/mlt-master/android/build/mlt-armv7a/output --cross-prefix=arm-linux-androideabi- --enable-cross-compile --target-os=Android --extra-cflags=-O3 -Wall -pipe     -std=c99     -ffast-math     -fstrict-aliasing -Werror=strict-aliasing     -Wno-psabi -Wa,--noexecstack     -DANDROID -DNDEBUG  -march=armv7-a -mcpu=cortex-a8 -mfpu=neon -mfloat-abi=softfp -mthumb --extra-ldflags=  -Wl,--fix-cortex-a8
Fri Jan  8 13:10:47 CST 2016
./configure --arch=armv7-a --cpu=cortex-a8 --disable-decklink --disable-dv --disable-feeds --disable-jackrack --disable-kdenlive --disable-oldfilm --disable-resample --disable-sox --disable-swfdec --disable-vmfx --disable-mmx --disable-sse --disable-sse2 --disable-gtk2 --disable-plus --disable-rtaudio --disable-sox --disable-vorbis --prefix=/opt/lilei/mlt-master/android/build/mlt-armv7a/output --cross-prefix=arm-linux-androideabi- --enable-cross-compile --target-os=Android --extra-cflags=-O3 -Wall -pipe     -std=c99     -ffast-math     -fstrict-aliasing -Werror=strict-aliasing     -Wno-psabi -Wa,--noexecstack     -DANDROID -DNDEBUG  -march=armv7-a -mcpu=cortex-a8 -mfpu=neon -mfloat-abi=softfp -mthumb --extra-ldflags=  -Wl,--fix-cortex-a8
Fri Jan  8 13:19:55 CST 2016
./configure --arch=armv7-a --cpu=cortex-a8 --disable-decklink --disable-dv --disable-feeds --disable-jackrack --disable-kdenlive --disable-oldfilm --disable-resample --disable-sox --disable-swfdec --disable-vmfx --disable-mmx --disable-sse --disable-sse2 --disable-gtk2 --disable-plus --disable-rtaudio --disable-sox --disable-vorbis --prefix=/opt/lilei/mlt-master/android/build/mlt-armv7a/output --cross-prefix=arm-linux-androideabi- --enable-cross-compile --target-os=Android --extra-cflags=-O3 -Wall -pipe     -std=c99     -ffast-math     -fstrict-aliasing -Werror=strict-aliasing     -Wno-psabi -Wa,--noexecstack     -DANDROID -DNDEBUG  -march=armv7-a -mcpu=cortex-a8 -mfpu=neon -mfloat-abi=softfp -mthumb --extra-ldflags=  -Wl,--fix-cortex-a8
Fri Jan  8 13:22:43 CST 2016
./configure --arch=armv7-a --cpu=cortex-a8 --disable-decklink --disable-dv --disable-feeds --disable-jackrack --disable-kdenlive --disable-oldfilm --disable-resample --disable-sox --disable-swfdec --disable-vmfx --disable-mmx --disable-sse --disable-sse2 --disable-gtk2 --disable-plus --disable-rtaudio --disable-sox --disable-vorbis --prefix=/opt/lilei/mlt-master/android/build/mlt-armv7a/output --cross-prefix=arm-linux-androideabi- --enable-cross-compile --target-os=Android --extra-cflags=-O3 -Wall -pipe     -std=c99     -ffast-math     -fstrict-aliasing -Werror=strict-aliasing     -Wno-psabi -Wa,--noexecstack     -DANDROID -DNDEBUG  -march=armv7-a -mcpu=cortex-a8 -mfpu=neon -mfloat-abi=softfp -mthumb --extra-ldflags=  -Wl,--fix-cortex-a8
Fri Jan  8 13:56:55 CST 2016
./configure --arch=armv7-a --cpu=cortex-a8 --disable-decklink --disable-dv --disable-feeds --disable-jackrack --disable-kdenlive --disable-oldfilm --disable-resample --disable-sox --disable-swfdec --disable-vmfx --disable-mmx --disable-sse --disable-sse2 --disable-gtk2 --disable-plus --disable-rtaudio --disable-sox --disable-vorbis --prefix=/opt/lilei/mlt-master/android/build/mlt-armv7a/output --cross-prefix=arm-linux-androideabi- --enable-cross-compile --target-os=Android --extra-cflags=-O3 -Wall -pipe     -std=c99     -ffast-math     -fstrict-aliasing -Werror=strict-aliasing     -Wno-psabi -Wa,--noexecstack     -DANDROID -DNDEBUG  -march=armv7-a -mcpu=cortex-a8 -mfpu=neon -mfloat-abi=softfp -mthumb --extra-ldflags=  -Wl,--fix-cortex-a8
Fri Jan  8 13:57:56 CST 2016
./configure --arch=armv7-a --cpu=cortex-a8 --disable-decklink --disable-dv --disable-feeds --disable-jackrack --disable-kdenlive --disable-oldfilm --disable-resample --disable-sox --disable-swfdec --disable-vmfx --disable-mmx --disable-sse --disable-sse2 --disable-gtk2 --disable-plus --disable-rtaudio --disable-sox --disable-vorbis --disable-xml --prefix=/opt/lilei/mlt-master/android/build/mlt-armv7a/output --cross-prefix=arm-linux-androideabi- --enable-cross-compile --target-os=Android --extra-cflags=-O3 -Wall -pipe     -std=c99     -ffast-math     -fstrict-aliasing -Werror=strict-aliasing     -Wno-psabi -Wa,--noexecstack     -DANDROID -DNDEBUG  -march=armv7-a -mcpu=cortex-a8 -mfpu=neon -mfloat-abi=softfp -mthumb --extra-ldflags=  -Wl,--fix-cortex-a8
Fri Jan  8 13:59:18 CST 2016
./configure --arch=armv7-a --cpu=cortex-a8 --disable-decklink --disable-dv --disable-feeds --disable-jackrack --disable-kdenlive --disable-oldfilm --disable-resample --disable-sox --disable-swfdec --disable-vmfx --disable-mmx --disable-sse --disable-sse2 --disable-gtk2 --disable-plus --disable-rtaudio --disable-sox --disable-vorbis --disable-xml --disable-sdl --prefix=/opt/lilei/mlt-master/android/build/mlt-armv7a/output --cross-prefix=arm-linux-androideabi- --enable-cross-compile --target-os=Android --extra-cflags=-O3 -Wall -pipe     -std=c99     -ffast-math     -fstrict-aliasing -Werror=strict-aliasing     -Wno-psabi -Wa,--noexecstack     -DANDROID -DNDEBUG  -march=armv7-a -mcpu=cortex-a8 -mfpu=neon -mfloat-abi=softfp -mthumb --extra-ldflags=  -Wl,--fix-cortex-a8
Fri Jan  8 14:01:22 CST 2016
./configure --arch=armv7-a --cpu=cortex-a8 --disable-decklink --disable-dv --disable-feeds --disable-jackrack --disable-kdenlive --disable-oldfilm --disable-resample --disable-sox --disable-swfdec --disable-vmfx --disable-mmx --disable-sse --disable-sse2 --disable-gtk2 --disable-plus --disable-rtaudio --disable-sox --disable-vorbis --disable-xml --disable-sdl --prefix=/opt/lilei/mlt-master/android/build/mlt-armv7a/output --cross-prefix=arm-linux-androideabi- --enable-cross-compile --target-os=Android --extra-cflags=-O3 -Wall -pipe     -std=c99     -ffast-math     -fstrict-aliasing -Werror=strict-aliasing     -Wno-psabi -Wa,--noexecstack     -DANDROID -DNDEBUG  -march=armv7-a -mcpu=cortex-a8 -mfpu=neon -mfloat-abi=softfp -mthumb --extra-ldflags=  -Wl,--fix-cortex-a8
Fri Jan  8 14:03:21 CST 2016
./configure --arch=armv7-a --cpu=cortex-a8 --disable-decklink --disable-dv --disable-feeds --disable-jackrack --disable-kdenlive --disable-oldfilm --disable-resample --disable-sox --disable-swfdec --disable-vmfx --disable-mmx --disable-sse --disable-sse2 --disable-gtk2 --disable-plus --disable-rtaudio --disable-sox --disable-vorbis --disable-xml --disable-sdl --prefix=/opt/lilei/mlt-master/android/build/mlt-armv7a/output --cross-prefix=arm-linux-androideabi- --enable-cross-compile --target-os=Android --extra-cflags=-O3 -Wall -pipe     -std=c99     -ffast-math     -fstrict-aliasing -Werror=strict-aliasing     -Wno-psabi -Wa,--noexecstack     -DANDROID -DNDEBUG  -march=armv7-a -mcpu=cortex-a8 -mfpu=neon -mfloat-abi=softfp -mthumb --extra-ldflags=  -Wl,--fix-cortex-a8
Fri Jan  8 14:08:17 CST 2016
./configure --arch=armv7-a --cpu=cortex-a8 --disable-decklink --disable-dv --disable-feeds --disable-jackrack --disable-kdenlive --disable-oldfilm --disable-resample --disable-sox --disable-swfdec --disable-vmfx --disable-mmx --disable-sse --disable-sse2 --disable-gtk2 --disable-plus --disable-rtaudio --disable-sox --disable-vorbis --disable-xml --disable-sdl --prefix=/opt/lilei/mlt-master/android/build/mlt-armv7a/output --cross-prefix=arm-linux-androideabi- --enable-cross-compile --target-os=Android --extra-cflags=-O3 -Wall -pipe     -std=c99     -ffast-math     -fstrict-aliasing -Werror=strict-aliasing     -Wno-psabi -Wa,--noexecstack     -DANDROID -DNDEBUG  -march=armv7-a -mcpu=cortex-a8 -mfpu=neon -mfloat-abi=softfp -mthumb --extra-ldflags=  -Wl,--fix-cortex-a8
Fri Jan  8 14:10:53 CST 2016
./configure --arch=armv7-a --cpu=cortex-a8 --disable-decklink --disable-dv --disable-feeds --disable-jackrack --disable-kdenlive --disable-oldfilm --disable-resample --disable-sox --disable-swfdec --disable-vmfx --disable-mmx --disable-sse --disable-sse2 --disable-gtk2 --disable-plus --disable-rtaudio --disable-sox --disable-vorbis --disable-xml --disable-sdl --prefix=/opt/lilei/mlt-master/android/build/mlt-armv7a/output --cross-prefix=arm-linux-androideabi- --enable-cross-compile --target-os=Android --extra-cflags=-O3 -Wall -pipe     -std=c99     -ffast-math     -fstrict-aliasing -Werror=strict-aliasing     -Wno-psabi -Wa,--noexecstack     -DANDROID -DNDEBUG  -march=armv7-a -mcpu=cortex-a8 -mfpu=neon -mfloat-abi=softfp -mthumb --extra-ldflags=  -Wl,--fix-cortex-a8
Fri Jan  8 16:30:33 CST 2016
./configure --arch=armv7-a --cpu=cortex-a8 --disable-decklink --disable-dv --disable-feeds --disable-jackrack --disable-kdenlive --disable-oldfilm --disable-resample --disable-sox --disable-swfdec --disable-vmfx --disable-mmx --disable-sse --disable-sse2 --disable-gtk2 --disable-plus --disable-rtaudio --disable-sox --disable-vorbis --disable-xml --disable-sdl --prefix=/opt/lilei/mlt-master/android/build/mlt-armv7a/output --cross-prefix=arm-linux-androideabi- --enable-cross-compile --target-os=Android --extra-cflags=-O3 -Wall -pipe     -std=c99     -ffast-math     -fstrict-aliasing -Werror=strict-aliasing     -Wno-psabi -Wa,--noexecstack     -DANDROID -DNDEBUG  -march=armv7-a -mcpu=cortex-a8 -mfpu=neon -mfloat-abi=softfp -mthumb --extra-ldflags=  -Wl,--fix-cortex-a8
Fri Jan  8 16:31:20 CST 2016
./configure --arch=armv7-a --cpu=cortex-a8 --disable-decklink --disable-dv --disable-feeds --disable-jackrack --disable-kdenlive --disable-oldfilm --disable-resample --disable-sox --disable-swfdec --disable-vmfx --disable-mmx --disable-sse --disable-sse2 --disable-gtk2 --disable-plus --disable-rtaudio --disable-sox --disable-vorbis --disable-xml --disable-sdl --prefix=/opt/lilei/mlt-master/android/build/mlt-armv7a/output --cross-prefix=arm-linux-androideabi- --enable-cross-compile --target-os=Android --extra-cflags=-O3 -Wall -pipe     -std=c99     -ffast-math     -fstrict-aliasing -Werror=strict-aliasing     -Wno-psabi -Wa,--noexecstack     -DANDROID -DNDEBUG  -march=armv7-a -mcpu=cortex-a8 -mfpu=neon -mfloat-abi=softfp -mthumb --extra-ldflags=  -Wl,--fix-cortex-a8
Fri Jan  8 16:33:46 CST 2016
./configure --arch=armv7-a --cpu=cortex-a8 --disable-decklink --disable-dv --disable-feeds --disable-jackrack --disable-kdenlive --disable-oldfilm --disable-resample --disable-sox --disable-swfdec --disable-vmfx --disable-mmx --disable-sse --disable-sse2 --disable-gtk2 --disable-plus --disable-rtaudio --disable-sox --disable-vorbis --disable-xml --disable-sdl --prefix=/opt/lilei/mlt-master/android/build/mlt-armv7a/output --cross-prefix=arm-linux-androideabi- --enable-cross-compile --target-os=Android --extra-cflags=-O3 -Wall -pipe     -std=c99     -ffast-math     -fstrict-aliasing -Werror=strict-aliasing     -Wno-psabi -Wa,--noexecstack     -DANDROID -DNDEBUG  -march=armv7-a -mcpu=cortex-a8 -mfpu=neon -mfloat-abi=softfp -mthumb --extra-ldflags=  -Wl,--fix-cortex-a8
Fri Jan  8 16:34:15 CST 2016
./configure --arch=armv7-a --cpu=cortex-a8 --disable-decklink --disable-dv --disable-feeds --disable-jackrack --disable-kdenlive --disable-oldfilm --disable-resample --disable-sox --disable-swfdec --disable-vmfx --disable-mmx --disable-sse --disable-sse2 --disable-gtk2 --disable-plus --disable-rtaudio --disable-sox --disable-vorbis --disable-xml --disable-sdl --prefix=/opt/lilei/mlt-master/android/build/mlt-armv7a/output --cross-prefix=arm-linux-androideabi- --enable-cross-compile --target-os=Android --extra-cflags=-O3 -Wall -pipe     -std=c99     -ffast-math     -fstrict-aliasing -Werror=strict-aliasing     -Wno-psabi -Wa,--noexecstack     -DANDROID -DNDEBUG  -march=armv7-a -mcpu=cortex-a8 -mfpu=neon -mfloat-abi=softfp -mthumb --extra-ldflags=  -Wl,--fix-cortex-a8
Fri Jan  8 16:39:55 CST 2016
./configure --arch=armv7-a --cpu=cortex-a8 --disable-decklink --disable-dv --disable-feeds --disable-jackrack --disable-kdenlive --disable-oldfilm --disable-resample --disable-sox --disable-swfdec --disable-vmfx --disable-mmx --disable-sse --disable-sse2 --disable-gtk2 --disable-plus --disable-rtaudio --disable-sox --disable-vorbis --disable-xml --disable-sdl --prefix=/opt/lilei/mlt-master/android/build/mlt-armv7a/output --cross-prefix=arm-linux-androideabi- --enable-cross-compile --target-os=Android --extra-cflags=-O3 -Wall -pipe     -std=c99     -ffast-math     -fstrict-aliasing -Werror=strict-aliasing     -Wno-psabi -Wa,--noexecstack     -DANDROID -DNDEBUG  -march=armv7-a -mcpu=cortex-a8 -mfpu=neon -mfloat-abi=softfp -mthumb --extra-ldflags=  -Wl,--fix-cortex-a8 --ffmpeg-cross-root=/opt/lilei/ijkplayer-master/android/contrib/build/ --ffmpeg-cross-libname=ijkffmpeg
Fri Jan  8 16:48:11 CST 2016
./configure --arch=armv7-a --cpu=cortex-a8 --disable-decklink --disable-dv --disable-feeds --disable-jackrack --disable-kdenlive --disable-oldfilm --disable-resample --disable-sox --disable-swfdec --disable-vmfx --disable-mmx --disable-sse --disable-sse2 --disable-gtk2 --disable-plus --disable-rtaudio --disable-sox --disable-vorbis --disable-xml --disable-sdl --prefix=/opt/lilei/mlt-master/android/build/mlt-armv7a/output --cross-prefix=arm-linux-androideabi- --enable-cross-compile --target-os=Android --extra-cflags=-O3 -Wall -pipe     -std=c99     -ffast-math     -fstrict-aliasing -Werror=strict-aliasing     -Wno-psabi -Wa,--noexecstack     -DANDROID -DNDEBUG  -march=armv7-a -mcpu=cortex-a8 -mfpu=neon -mfloat-abi=softfp -mthumb --extra-ldflags=  -Wl,--fix-cortex-a8 --ffmpeg-cross-root=/opt/lilei/ijkplayer-master/android/contrib/build/ --ffmpeg-cross-libname=ijkffmpeg
Fri Jan  8 16:49:54 CST 2016
./configure --arch=armv7-a --cpu=cortex-a8 --disable-decklink --disable-dv --disable-feeds --disable-jackrack --disable-kdenlive --disable-oldfilm --disable-resample --disable-sox --disable-swfdec --disable-vmfx --disable-mmx --disable-sse --disable-sse2 --disable-gtk2 --disable-plus --disable-rtaudio --disable-sox --disable-vorbis --disable-xml --disable-sdl --prefix=/opt/lilei/mlt-master/android/build/mlt-armv7a/output --cross-prefix=arm-linux-androideabi- --enable-cross-compile --target-os=Android --extra-cflags=-O3 -Wall -pipe     -std=c99     -ffast-math     -fstrict-aliasing -Werror=strict-aliasing     -Wno-psabi -Wa,--noexecstack     -DANDROID -DNDEBUG  -march=armv7-a -mcpu=cortex-a8 -mfpu=neon -mfloat-abi=softfp -mthumb --extra-ldflags=  -Wl,--fix-cortex-a8 --ffmpeg-cross-root=/opt/lilei/ijkplayer-master/android/contrib/build/ --ffmpeg-cross-libname=ijkffmpeg
Fri Jan  8 16:54:02 CST 2016
./configure --arch=armv7-a --cpu=cortex-a8 --disable-decklink --disable-dv --disable-feeds --disable-jackrack --disable-kdenlive --disable-oldfilm --disable-resample --disable-sox --disable-swfdec --disable-vmfx --disable-mmx --disable-sse --disable-sse2 --disable-gtk2 --disable-plus --disable-rtaudio --disable-sox --disable-vorbis --disable-xml --disable-sdl --prefix=/opt/lilei/mlt-master/android/build/mlt-armv7a/output --cross-prefix=arm-linux-androideabi- --enable-cross-compile --target-os=Android --extra-cflags=-O3 -Wall -pipe     -std=c99     -ffast-math     -fstrict-aliasing -Werror=strict-aliasing     -Wno-psabi -Wa,--noexecstack     -DANDROID -DNDEBUG  -march=armv7-a -mcpu=cortex-a8 -mfpu=neon -mfloat-abi=softfp -mthumb --extra-ldflags=  -Wl,--fix-cortex-a8 --ffmpeg-cross-root=/opt/lilei/ijkplayer-master/android/contrib/build/ --ffmpeg-cross-libname=ijkffmpeg
Fri Jan  8 16:55:42 CST 2016
./configure --arch=armv7-a --cpu=cortex-a8 --disable-decklink --disable-dv --disable-feeds --disable-jackrack --disable-kdenlive --disable-oldfilm --disable-resample --disable-sox --disable-swfdec --disable-vmfx --disable-mmx --disable-sse --disable-sse2 --disable-gtk2 --disable-plus --disable-rtaudio --disable-sox --disable-vorbis --disable-xml --disable-sdl --prefix=/opt/lilei/mlt-master/android/build/mlt-armv7a/output --cross-prefix=arm-linux-androideabi- --enable-cross-compile --target-os=Android --extra-cflags=-O3 -Wall -pipe     -std=c99     -ffast-math     -fstrict-aliasing -Werror=strict-aliasing     -Wno-psabi -Wa,--noexecstack     -DANDROID -DNDEBUG  -march=armv7-a -mcpu=cortex-a8 -mfpu=neon -mfloat-abi=softfp -mthumb --extra-ldflags=  -Wl,--fix-cortex-a8 --ffmpeg-cross-root=/opt/lilei/ijkplayer-master/android/contrib/build/ --ffmpeg-cross-libname=ijkffmpeg
Fri Jan  8 17:01:28 CST 2016
./configure --arch=armv7-a --cpu=cortex-a8 --disable-decklink --disable-dv --disable-feeds --disable-jackrack --disable-kdenlive --disable-oldfilm --disable-resample --disable-sox --disable-swfdec --disable-vmfx --disable-mmx --disable-sse --disable-sse2 --disable-gtk2 --disable-plus --disable-rtaudio --disable-sox --disable-vorbis --disable-xml --disable-sdl --disable-frei0r --prefix=/opt/lilei/mlt-master/android/build/mlt-armv7a/output --cross-prefix=arm-linux-androideabi- --enable-cross-compile --target-os=Android --extra-cflags=-O3 -Wall -pipe     -std=c99     -ffast-math     -fstrict-aliasing -Werror=strict-aliasing     -Wno-psabi -Wa,--noexecstack     -DANDROID -DNDEBUG  -march=armv7-a -mcpu=cortex-a8 -mfpu=neon -mfloat-abi=softfp -mthumb --extra-ldflags=  -Wl,--fix-cortex-a8 --ffmpeg-cross-root=/opt/lilei/ijkplayer-master/android/contrib/build/ --ffmpeg-cross-libname=ijkffmpeg
Fri Mar  4 15:18:13 CST 2016
./configure --prefix=/opt/lilei/AVFX/mlt-standalone/output/armeabi/build --host=arm-linux-android --with-sysroot=/opt/lilei/android_compile_toolchain/arm/sysroot --disable-decklink --disable-dv --disable-feeds --disable-jackrack --disable-kdenlive --disable-oldfilm --disable-resample --disable-sox --disable-swfdec --disable-vmfx --disable-mmx --disable-sse --disable-sse2 --disable-gtk2 --disable-plus --disable-rtaudio --disable-sox --disable-vorbis --disable-xml --disable-sdl --disable-frei0r --enable-debug --target-os=Android --ff-root=/opt/lilei/ijkplayer-master/android/contrib/build --ff-libname=ijkffmpeg --ff-arch=armv5 --target-arch=arm --target-os=Android --android-platform=android-9 -g -O0 -Wall -pipe -DANDROID --extra-cflags=-g -O0 -Wall -pipe             -DANDROID -DANDROID -D__ANDROID__ -std=c99 --sysroot=/opt/lilei/android_compile_toolchain/arm/sysroot -march=armv5te -mtune=arm9tdmi -msoft-float --extra-ldflags= --sysroot=/opt/lilei/android_compile_toolchain/arm/sysroot
